
╔════════════════════════════════════════════════════════╗
║     🚀 PUMPCHAIN BLOCKCHAIN NODE - MAINNET v1.0       ║
╠════════════════════════════════════════════════════════╣
║  Status:        ✅ RUNNING                            ║
║  Network:       PumpChain Devnet                      ║
║  Version:       1.0.0-mainnet                         ║
║                                                       ║
║  📡 RPC Endpoint:                                     ║
║     http://5.161.126.58:8899                          ║
║                                                       ║
║  🔌 WebSocket:                                        ║
║     ws://5.161.126.58:8900                            ║
║                                                       ║
║  Starting Slot:     52,345,681                        ║
║  Block Time:        400ms                             ║
║  TPS Target:        50,000+                           ║
╚════════════════════════════════════════════════════════╝

💡 Connect your wallet:
   Network Name: PumpChain Devnet
   RPC URL:      http://5.161.126.58:8899
   Chain ID:     1397
   Currency:     PUMP

⛏️  Block #48912351 created with 0 txs
🎉 New Epoch Started: 453
⛏️  Block #48912352 created with 0 txs
⛏️  Block #48912353 created with 0 txs
⛏️  Block #48912354 created with 0 txs
⛏️  Block #48912355 created with 0 txs
⛏️  Block #48912356 created with 0 txs
⛏️  Block #48912357 created with 0 txs
⛏️  Block #48912358 created with 0 txs
⛏️  Block #48912359 created with 0 txs
⛏️  Block #48912360 created with 0 txs
⛏️  Block #48912361 created with 0 txs
⛏️  Block #48912362 created with 0 txs
⛏️  Block #48912363 created with 0 txs
⛏️  Block #48912364 created with 0 txs
⛏️  Block #48912365 created with 0 txs
⛏️  Block #48912366 created with 0 txs
⛏️  Block #48912367 created with 0 txs
⛏️  Block #48912368 created with 0 txs
⛏️  Block #48912369 created with 0 txs
⛏️  Block #48912370 created with 0 txs
⛏️  Block #48912371 created with 0 txs
⛏️  Block #48912372 created with 0 txs
⛏️  Block #48912373 created with 0 txs
⛏️  Block #48912374 created with 0 txs
⛏️  Block #48912375 created with 0 txs
⛏️  Block #48912376 created with 0 txs
⛏️  Block #48912377 created with 0 txs
⛏️  Block #48912378 created with 0 txs
⛏️  Block #48912379 created with 0 txs
⛏️  Block #48912380 created with 0 txs
⛏️  Block #48912381 created with 0 txs
⛏️  Block #48912382 created with 0 txs
⛏️  Block #48912383 created with 0 txs
⛏️  Block #48912384 created with 0 txs
⛏️  Block #48912385 created with 0 txs
⛏️  Block #48912386 created with 0 txs
⛏️  Block #48912387 created with 0 txs
📊 Stats | Slot: 52,345,755 | Block: 48,912,387 | Epoch: 453 | Accounts: 3 | Txs: 0
⛏️  Block #48912388 created with 0 txs
⛏️  Block #48912389 created with 0 txs
⛏️  Block #48912390 created with 0 txs
⛏️  Block #48912391 created with 0 txs
⛏️  Block #48912392 created with 0 txs
⛏️  Block #48912393 created with 0 txs
⛏️  Block #48912394 created with 0 txs
⛏️  Block #48912395 created with 0 txs
⛏️  Block #48912396 created with 0 txs
⛏️  Block #48912397 created with 0 txs
⛏️  Block #48912398 created with 0 txs
⛏️  Block #48912399 created with 0 txs
⛏️  Block #48912400 created with 0 txs
⛏️  Block #48912401 created with 0 txs
⛏️  Block #48912402 created with 0 txs
⛏️  Block #48912403 created with 0 txs
⛏️  Block #48912404 created with 0 txs
⛏️  Block #48912405 created with 0 txs
⛏️  Block #48912406 created with 0 txs
⛏️  Block #48912407 created with 0 txs
⛏️  Block #48912408 created with 0 txs
⛏️  Block #48912409 created with 0 txs
⛏️  Block #48912410 created with 0 txs
⛏️  Block #48912411 created with 0 txs
⛏️  Block #48912412 created with 0 txs
⛏️  Block #48912413 created with 0 txs
⛏️  Block #48912414 created with 0 txs
⛏️  Block #48912415 created with 0 txs
⛏️  Block #48912416 created with 0 txs
⛏️  Block #48912417 created with 0 txs
⛏️  Block #48912418 created with 0 txs
⛏️  Block #48912419 created with 0 txs
⛏️  Block #48912420 created with 0 txs
⛏️  Block #48912421 created with 0 txs
⛏️  Block #48912422 created with 0 txs
⛏️  Block #48912423 created with 0 txs
⛏️  Block #48912424 created with 0 txs
⛏️  Block #48912425 created with 0 txs
📊 Stats | Slot: 52,345,830 | Block: 48,912,425 | Epoch: 453 | Accounts: 3 | Txs: 0
⛏️  Block #48912426 created with 0 txs
⛏️  Block #48912427 created with 0 txs
⛏️  Block #48912428 created with 0 txs
⛏️  Block #48912429 created with 0 txs
⛏️  Block #48912430 created with 0 txs
⛏️  Block #48912431 created with 0 txs
⛏️  Block #48912432 created with 0 txs
⛏️  Block #48912433 created with 0 txs
⛏️  Block #48912434 created with 0 txs
⛏️  Block #48912435 created with 0 txs
⛏️  Block #48912436 created with 0 txs
⛏️  Block #48912437 created with 0 txs
⛏️  Block #48912438 created with 0 txs
⛏️  Block #48912439 created with 0 txs
⛏️  Block #48912440 created with 0 txs
⛏️  Block #48912441 created with 0 txs
⛏️  Block #48912442 created with 0 txs
⛏️  Block #48912443 created with 0 txs
⛏️  Block #48912444 created with 0 txs
⛏️  Block #48912445 created with 0 txs
⛏️  Block #48912446 created with 0 txs
⛏️  Block #48912447 created with 0 txs
⛏️  Block #48912448 created with 0 txs
⛏️  Block #48912449 created with 0 txs
⛏️  Block #48912450 created with 0 txs
⛏️  Block #48912451 created with 0 txs
⛏️  Block #48912452 created with 0 txs
⛏️  Block #48912453 created with 0 txs
⛏️  Block #48912454 created with 0 txs
⛏️  Block #48912455 created with 0 txs
⛏️  Block #48912456 created with 0 txs
⛏️  Block #48912457 created with 0 txs
⛏️  Block #48912458 created with 0 txs
⛏️  Block #48912459 created with 0 txs
⛏️  Block #48912460 created with 0 txs
⛏️  Block #48912461 created with 0 txs
⛏️  Block #48912462 created with 0 txs
📊 Stats | Slot: 52,345,905 | Block: 48,912,462 | Epoch: 453 | Accounts: 3 | Txs: 0
⛏️  Block #48912463 created with 0 txs
⛏️  Block #48912464 created with 0 txs
⛏️  Block #48912465 created with 0 txs
⛏️  Block #48912466 created with 0 txs
⛏️  Block #48912467 created with 0 txs
⛏️  Block #48912468 created with 0 txs
⛏️  Block #48912469 created with 0 txs
⛏️  Block #48912470 created with 0 txs
⛏️  Block #48912471 created with 0 txs
⛏️  Block #48912472 created with 0 txs
⛏️  Block #48912473 created with 0 txs
⛏️  Block #48912474 created with 0 txs
⛏️  Block #48912475 created with 0 txs
⛏️  Block #48912476 created with 0 txs
⛏️  Block #48912477 created with 0 txs
⛏️  Block #48912478 created with 0 txs
⛏️  Block #48912479 created with 0 txs
⛏️  Block #48912480 created with 0 txs
⛏️  Block #48912481 created with 0 txs
⛏️  Block #48912482 created with 0 txs
⛏️  Block #48912483 created with 0 txs
⛏️  Block #48912484 created with 0 txs
⛏️  Block #48912485 created with 0 txs
⛏️  Block #48912486 created with 0 txs
⛏️  Block #48912487 created with 0 txs
⛏️  Block #48912488 created with 0 txs
⛏️  Block #48912489 created with 0 txs
⛏️  Block #48912490 created with 0 txs
⛏️  Block #48912491 created with 0 txs
⛏️  Block #48912492 created with 0 txs
⛏️  Block #48912493 created with 0 txs
⛏️  Block #48912494 created with 0 txs
⛏️  Block #48912495 created with 0 txs
⛏️  Block #48912496 created with 0 txs
⛏️  Block #48912497 created with 0 txs
⛏️  Block #48912498 created with 0 txs
⛏️  Block #48912499 created with 0 txs
⛏️  Block #48912500 created with 0 txs
📊 Stats | Slot: 52,345,980 | Block: 48,912,500 | Epoch: 453 | Accounts: 3 | Txs: 0
⛏️  Block #48912501 created with 0 txs
⛏️  Block #48912502 created with 0 txs
⛏️  Block #48912503 created with 0 txs
⛏️  Block #48912504 created with 0 txs
⛏️  Block #48912505 created with 0 txs
⛏️  Block #48912506 created with 0 txs
⛏️  Block #48912507 created with 0 txs
⛏️  Block #48912508 created with 0 txs
⛏️  Block #48912509 created with 0 txs
⛏️  Block #48912510 created with 0 txs
⛏️  Block #48912511 created with 0 txs
⛏️  Block #48912512 created with 0 txs
⛏️  Block #48912513 created with 0 txs
⛏️  Block #48912514 created with 0 txs
⛏️  Block #48912515 created with 0 txs
⛏️  Block #48912516 created with 0 txs
⛏️  Block #48912517 created with 0 txs
⛏️  Block #48912518 created with 0 txs
⛏️  Block #48912519 created with 0 txs
⛏️  Block #48912520 created with 0 txs
⛏️  Block #48912521 created with 0 txs
⛏️  Block #48912522 created with 0 txs
⛏️  Block #48912523 created with 0 txs
⛏️  Block #48912524 created with 0 txs
⛏️  Block #48912525 created with 0 txs
⛏️  Block #48912526 created with 0 txs
⛏️  Block #48912527 created with 0 txs
⛏️  Block #48912528 created with 0 txs
⛏️  Block #48912529 created with 0 txs
⛏️  Block #48912530 created with 0 txs
⛏️  Block #48912531 created with 0 txs
⛏️  Block #48912532 created with 0 txs
⛏️  Block #48912533 created with 0 txs
⛏️  Block #48912534 created with 0 txs
⛏️  Block #48912535 created with 0 txs
⛏️  Block #48912536 created with 0 txs
⛏️  Block #48912537 created with 0 txs
📊 Stats | Slot: 52,346,055 | Block: 48,912,537 | Epoch: 453 | Accounts: 3 | Txs: 0
⛏️  Block #48912538 created with 0 txs
⛏️  Block #48912539 created with 0 txs
⛏️  Block #48912540 created with 0 txs
⛏️  Block #48912541 created with 0 txs
⛏️  Block #48912542 created with 0 txs
⛏️  Block #48912543 created with 0 txs
⛏️  Block #48912544 created with 0 txs
⛏️  Block #48912545 created with 0 txs
⛏️  Block #48912546 created with 0 txs
⛏️  Block #48912547 created with 0 txs
⛏️  Block #48912548 created with 0 txs
⛏️  Block #48912549 created with 0 txs
⛏️  Block #48912550 created with 0 txs
⛏️  Block #48912551 created with 0 txs
⛏️  Block #48912552 created with 0 txs
⛏️  Block #48912553 created with 0 txs
⛏️  Block #48912554 created with 0 txs
⛏️  Block #48912555 created with 0 txs
⛏️  Block #48912556 created with 0 txs
⛏️  Block #48912557 created with 0 txs
⛏️  Block #48912558 created with 0 txs
⛏️  Block #48912559 created with 0 txs
⛏️  Block #48912560 created with 0 txs
⛏️  Block #48912561 created with 0 txs
⛏️  Block #48912562 created with 0 txs
⛏️  Block #48912563 created with 0 txs
⛏️  Block #48912564 created with 0 txs
⛏️  Block #48912565 created with 0 txs
⛏️  Block #48912566 created with 0 txs
⛏️  Block #48912567 created with 0 txs
⛏️  Block #48912568 created with 0 txs
⛏️  Block #48912569 created with 0 txs
⛏️  Block #48912570 created with 0 txs
⛏️  Block #48912571 created with 0 txs
⛏️  Block #48912572 created with 0 txs
⛏️  Block #48912573 created with 0 txs
⛏️  Block #48912574 created with 0 txs
⛏️  Block #48912575 created with 0 txs
📊 Stats | Slot: 52,346,130 | Block: 48,912,575 | Epoch: 453 | Accounts: 3 | Txs: 0
⛏️  Block #48912576 created with 0 txs
⛏️  Block #48912577 created with 0 txs
⛏️  Block #48912578 created with 0 txs
⛏️  Block #48912579 created with 0 txs
⛏️  Block #48912580 created with 0 txs
⛏️  Block #48912581 created with 0 txs
⛏️  Block #48912582 created with 0 txs
⛏️  Block #48912583 created with 0 txs
⛏️  Block #48912584 created with 0 txs
⛏️  Block #48912585 created with 0 txs
⛏️  Block #48912586 created with 0 txs
⛏️  Block #48912587 created with 0 txs
⛏️  Block #48912588 created with 0 txs
⛏️  Block #48912589 created with 0 txs
⛏️  Block #48912590 created with 0 txs
⛏️  Block #48912591 created with 0 txs
⛏️  Block #48912592 created with 0 txs
⛏️  Block #48912593 created with 0 txs
⛏️  Block #48912594 created with 0 txs
⛏️  Block #48912595 created with 0 txs
⛏️  Block #48912596 created with 0 txs
⛏️  Block #48912597 created with 0 txs
⛏️  Block #48912598 created with 0 txs
⛏️  Block #48912599 created with 0 txs
⛏️  Block #48912600 created with 0 txs
⛏️  Block #48912601 created with 0 txs
⛏️  Block #48912602 created with 0 txs
⛏️  Block #48912603 created with 0 txs
⛏️  Block #48912604 created with 0 txs
⛏️  Block #48912605 created with 0 txs
⛏️  Block #48912606 created with 0 txs
⛏️  Block #48912607 created with 0 txs
⛏️  Block #48912608 created with 0 txs
⛏️  Block #48912609 created with 0 txs
⛏️  Block #48912610 created with 0 txs
⛏️  Block #48912611 created with 0 txs
⛏️  Block #48912612 created with 0 txs
📊 Stats | Slot: 52,346,205 | Block: 48,912,612 | Epoch: 453 | Accounts: 3 | Txs: 0
⛏️  Block #48912613 created with 0 txs
⛏️  Block #48912614 created with 0 txs
⛏️  Block #48912615 created with 0 txs
⛏️  Block #48912616 created with 0 txs
⛏️  Block #48912617 created with 0 txs
⛏️  Block #48912618 created with 0 txs
⛏️  Block #48912619 created with 0 txs
⛏️  Block #48912620 created with 0 txs
⛏️  Block #48912621 created with 0 txs
⛏️  Block #48912622 created with 0 txs
⛏️  Block #48912623 created with 0 txs
⛏️  Block #48912624 created with 0 txs
⛏️  Block #48912625 created with 0 txs
⛏️  Block #48912626 created with 0 txs
⛏️  Block #48912627 created with 0 txs
⛏️  Block #48912628 created with 0 txs
⛏️  Block #48912629 created with 0 txs
⛏️  Block #48912630 created with 0 txs
⛏️  Block #48912631 created with 0 txs
⛏️  Block #48912632 created with 0 txs
⛏️  Block #48912633 created with 0 txs
⛏️  Block #48912634 created with 0 txs
⛏️  Block #48912635 created with 0 txs
⛏️  Block #48912636 created with 0 txs
⛏️  Block #48912637 created with 0 txs
⛏️  Block #48912638 created with 0 txs
⛏️  Block #48912639 created with 0 txs
⛏️  Block #48912640 created with 0 txs
⛏️  Block #48912641 created with 0 txs
⛏️  Block #48912642 created with 0 txs
⛏️  Block #48912643 created with 0 txs
⛏️  Block #48912644 created with 0 txs
⛏️  Block #48912645 created with 0 txs
⛏️  Block #48912646 created with 0 txs
⛏️  Block #48912647 created with 0 txs
⛏️  Block #48912648 created with 0 txs
⛏️  Block #48912649 created with 0 txs
⛏️  Block #48912650 created with 0 txs
📊 Stats | Slot: 52,346,280 | Block: 48,912,650 | Epoch: 453 | Accounts: 3 | Txs: 0
⛏️  Block #48912651 created with 0 txs
⛏️  Block #48912652 created with 0 txs
⛏️  Block #48912653 created with 0 txs
⛏️  Block #48912654 created with 0 txs
⛏️  Block #48912655 created with 0 txs
⛏️  Block #48912656 created with 0 txs
⛏️  Block #48912657 created with 0 txs
⛏️  Block #48912658 created with 0 txs
⛏️  Block #48912659 created with 0 txs
⛏️  Block #48912660 created with 0 txs
⛏️  Block #48912661 created with 0 txs
⛏️  Block #48912662 created with 0 txs
⛏️  Block #48912663 created with 0 txs
⛏️  Block #48912664 created with 0 txs
⛏️  Block #48912665 created with 0 txs
⛏️  Block #48912666 created with 0 txs
⛏️  Block #48912667 created with 0 txs
⛏️  Block #48912668 created with 0 txs
⛏️  Block #48912669 created with 0 txs
⛏️  Block #48912670 created with 0 txs
⛏️  Block #48912671 created with 0 txs
⛏️  Block #48912672 created with 0 txs
⛏️  Block #48912673 created with 0 txs
⛏️  Block #48912674 created with 0 txs
⛏️  Block #48912675 created with 0 txs
⛏️  Block #48912676 created with 0 txs
⛏️  Block #48912677 created with 0 txs
⛏️  Block #48912678 created with 0 txs
⛏️  Block #48912679 created with 0 txs
⛏️  Block #48912680 created with 0 txs
⛏️  Block #48912681 created with 0 txs
⛏️  Block #48912682 created with 0 txs
⛏️  Block #48912683 created with 0 txs
⛏️  Block #48912684 created with 0 txs
⛏️  Block #48912685 created with 0 txs
⛏️  Block #48912686 created with 0 txs
⛏️  Block #48912687 created with 0 txs
📊 Stats | Slot: 52,346,355 | Block: 48,912,687 | Epoch: 453 | Accounts: 3 | Txs: 0
⛏️  Block #48912688 created with 0 txs
⛏️  Block #48912689 created with 0 txs
⛏️  Block #48912690 created with 0 txs
⛏️  Block #48912691 created with 0 txs
⛏️  Block #48912692 created with 0 txs
⛏️  Block #48912693 created with 0 txs
⛏️  Block #48912694 created with 0 txs
⛏️  Block #48912695 created with 0 txs
⛏️  Block #48912696 created with 0 txs
⛏️  Block #48912697 created with 0 txs
⛏️  Block #48912698 created with 0 txs
⛏️  Block #48912699 created with 0 txs
⛏️  Block #48912700 created with 0 txs
⛏️  Block #48912701 created with 0 txs
⛏️  Block #48912702 created with 0 txs
⛏️  Block #48912703 created with 0 txs
⛏️  Block #48912704 created with 0 txs
⛏️  Block #48912705 created with 0 txs
⛏️  Block #48912706 created with 0 txs
⛏️  Block #48912707 created with 0 txs
⛏️  Block #48912708 created with 0 txs
⛏️  Block #48912709 created with 0 txs
⛏️  Block #48912710 created with 0 txs
⛏️  Block #48912711 created with 0 txs
⛏️  Block #48912712 created with 0 txs
⛏️  Block #48912713 created with 0 txs
⛏️  Block #48912714 created with 0 txs
⛏️  Block #48912715 created with 0 txs
⛏️  Block #48912716 created with 0 txs
⛏️  Block #48912717 created with 0 txs
⛏️  Block #48912718 created with 0 txs
⛏️  Block #48912719 created with 0 txs
⛏️  Block #48912720 created with 0 txs
⛏️  Block #48912721 created with 0 txs
⛏️  Block #48912722 created with 0 txs
⛏️  Block #48912723 created with 0 txs
⛏️  Block #48912724 created with 0 txs
⛏️  Block #48912725 created with 0 txs
📊 Stats | Slot: 52,346,430 | Block: 48,912,725 | Epoch: 453 | Accounts: 3 | Txs: 0
⛏️  Block #48912726 created with 0 txs
⛏️  Block #48912727 created with 0 txs
⛏️  Block #48912728 created with 0 txs
⛏️  Block #48912729 created with 0 txs
⛏️  Block #48912730 created with 0 txs
⛏️  Block #48912731 created with 0 txs
⛏️  Block #48912732 created with 0 txs
⛏️  Block #48912733 created with 0 txs
⛏️  Block #48912734 created with 0 txs
⛏️  Block #48912735 created with 0 txs
⛏️  Block #48912736 created with 0 txs
⛏️  Block #48912737 created with 0 txs
⛏️  Block #48912738 created with 0 txs
⛏️  Block #48912739 created with 0 txs
⛏️  Block #48912740 created with 0 txs
⛏️  Block #48912741 created with 0 txs
⛏️  Block #48912742 created with 0 txs
⛏️  Block #48912743 created with 0 txs
⛏️  Block #48912744 created with 0 txs
⛏️  Block #48912745 created with 0 txs
⛏️  Block #48912746 created with 0 txs
⛏️  Block #48912747 created with 0 txs
⛏️  Block #48912748 created with 0 txs
⛏️  Block #48912749 created with 0 txs
⛏️  Block #48912750 created with 0 txs
⛏️  Block #48912751 created with 0 txs
⛏️  Block #48912752 created with 0 txs
⛏️  Block #48912753 created with 0 txs
⛏️  Block #48912754 created with 0 txs
⛏️  Block #48912755 created with 0 txs
⛏️  Block #48912756 created with 0 txs
⛏️  Block #48912757 created with 0 txs
⛏️  Block #48912758 created with 0 txs
⛏️  Block #48912759 created with 0 txs
⛏️  Block #48912760 created with 0 txs
⛏️  Block #48912761 created with 0 txs
⛏️  Block #48912762 created with 0 txs
📊 Stats | Slot: 52,346,504 | Block: 48,912,762 | Epoch: 453 | Accounts: 3 | Txs: 0
⛏️  Block #48912763 created with 0 txs
⛏️  Block #48912764 created with 0 txs
⛏️  Block #48912765 created with 0 txs
⛏️  Block #48912766 created with 0 txs
⛏️  Block #48912767 created with 0 txs
⛏️  Block #48912768 created with 0 txs
⛏️  Block #48912769 created with 0 txs
⛏️  Block #48912770 created with 0 txs
⛏️  Block #48912771 created with 0 txs
⛏️  Block #48912772 created with 0 txs
⛏️  Block #48912773 created with 0 txs
⛏️  Block #48912774 created with 0 txs
⛏️  Block #48912775 created with 0 txs
⛏️  Block #48912776 created with 0 txs
⛏️  Block #48912777 created with 0 txs
⛏️  Block #48912778 created with 0 txs
⛏️  Block #48912779 created with 0 txs
⛏️  Block #48912780 created with 0 txs
⛏️  Block #48912781 created with 0 txs
⛏️  Block #48912782 created with 0 txs
⛏️  Block #48912783 created with 0 txs
⛏️  Block #48912784 created with 0 txs
⛏️  Block #48912785 created with 0 txs
⛏️  Block #48912786 created with 0 txs
⛏️  Block #48912787 created with 0 txs
⛏️  Block #48912788 created with 0 txs
⛏️  Block #48912789 created with 0 txs
⛏️  Block #48912790 created with 0 txs
⛏️  Block #48912791 created with 0 txs
⛏️  Block #48912792 created with 0 txs
⛏️  Block #48912793 created with 0 txs
⛏️  Block #48912794 created with 0 txs
⛏️  Block #48912795 created with 0 txs
⛏️  Block #48912796 created with 0 txs
⛏️  Block #48912797 created with 0 txs
⛏️  Block #48912798 created with 0 txs
⛏️  Block #48912799 created with 0 txs
📊 Stats | Slot: 52,346,579 | Block: 48,912,799 | Epoch: 453 | Accounts: 3 | Txs: 0
⛏️  Block #48912800 created with 0 txs
⛏️  Block #48912801 created with 0 txs
⛏️  Block #48912802 created with 0 txs
⛏️  Block #48912803 created with 0 txs
⛏️  Block #48912804 created with 0 txs
⛏️  Block #48912805 created with 0 txs
⛏️  Block #48912806 created with 0 txs
⛏️  Block #48912807 created with 0 txs
⛏️  Block #48912808 created with 0 txs
⛏️  Block #48912809 created with 0 txs
⛏️  Block #48912810 created with 0 txs
⛏️  Block #48912811 created with 0 txs
⛏️  Block #48912812 created with 0 txs
⛏️  Block #48912813 created with 0 txs
⛏️  Block #48912814 created with 0 txs
⛏️  Block #48912815 created with 0 txs
⛏️  Block #48912816 created with 0 txs
⛏️  Block #48912817 created with 0 txs
⛏️  Block #48912818 created with 0 txs
⛏️  Block #48912819 created with 0 txs
⛏️  Block #48912820 created with 0 txs
⛏️  Block #48912821 created with 0 txs
⛏️  Block #48912822 created with 0 txs
⛏️  Block #48912823 created with 0 txs
⛏️  Block #48912824 created with 0 txs
⛏️  Block #48912825 created with 0 txs
⛏️  Block #48912826 created with 0 txs
⛏️  Block #48912827 created with 0 txs
⛏️  Block #48912828 created with 0 txs
⛏️  Block #48912829 created with 0 txs
⛏️  Block #48912830 created with 0 txs
⛏️  Block #48912831 created with 0 txs
⛏️  Block #48912832 created with 0 txs
⛏️  Block #48912833 created with 0 txs
⛏️  Block #48912834 created with 0 txs
⛏️  Block #48912835 created with 0 txs
⛏️  Block #48912836 created with 0 txs
⛏️  Block #48912837 created with 0 txs
📊 Stats | Slot: 52,346,654 | Block: 48,912,837 | Epoch: 453 | Accounts: 3 | Txs: 0
⛏️  Block #48912838 created with 0 txs
⛏️  Block #48912839 created with 0 txs
⛏️  Block #48912840 created with 0 txs
⛏️  Block #48912841 created with 0 txs
⛏️  Block #48912842 created with 0 txs
⛏️  Block #48912843 created with 0 txs
⛏️  Block #48912844 created with 0 txs
⛏️  Block #48912845 created with 0 txs
⛏️  Block #48912846 created with 0 txs
⛏️  Block #48912847 created with 0 txs
⛏️  Block #48912848 created with 0 txs
⛏️  Block #48912849 created with 0 txs
⛏️  Block #48912850 created with 0 txs
⛏️  Block #48912851 created with 0 txs
⛏️  Block #48912852 created with 0 txs
⛏️  Block #48912853 created with 0 txs
⛏️  Block #48912854 created with 0 txs
⛏️  Block #48912855 created with 0 txs
⛏️  Block #48912856 created with 0 txs
⛏️  Block #48912857 created with 0 txs
⛏️  Block #48912858 created with 0 txs
⛏️  Block #48912859 created with 0 txs
⛏️  Block #48912860 created with 0 txs
⛏️  Block #48912861 created with 0 txs
⛏️  Block #48912862 created with 0 txs
⛏️  Block #48912863 created with 0 txs
⛏️  Block #48912864 created with 0 txs
⛏️  Block #48912865 created with 0 txs
⛏️  Block #48912866 created with 0 txs
⛏️  Block #48912867 created with 0 txs
⛏️  Block #48912868 created with 0 txs
⛏️  Block #48912869 created with 0 txs
⛏️  Block #48912870 created with 0 txs
⛏️  Block #48912871 created with 0 txs
⛏️  Block #48912872 created with 0 txs
⛏️  Block #48912873 created with 0 txs
⛏️  Block #48912874 created with 0 txs
📊 Stats | Slot: 52,346,729 | Block: 48,912,874 | Epoch: 453 | Accounts: 3 | Txs: 0
⛏️  Block #48912875 created with 0 txs
⛏️  Block #48912876 created with 0 txs
⛏️  Block #48912877 created with 0 txs
⛏️  Block #48912878 created with 0 txs
⛏️  Block #48912879 created with 0 txs
⛏️  Block #48912880 created with 0 txs
⛏️  Block #48912881 created with 0 txs
⛏️  Block #48912882 created with 0 txs
⛏️  Block #48912883 created with 0 txs
⛏️  Block #48912884 created with 0 txs
⛏️  Block #48912885 created with 0 txs
⛏️  Block #48912886 created with 0 txs
⛏️  Block #48912887 created with 0 txs
⛏️  Block #48912888 created with 0 txs
⛏️  Block #48912889 created with 0 txs
⛏️  Block #48912890 created with 0 txs
⛏️  Block #48912891 created with 0 txs
⛏️  Block #48912892 created with 0 txs
⛏️  Block #48912893 created with 0 txs
⛏️  Block #48912894 created with 0 txs
⛏️  Block #48912895 created with 0 txs
⛏️  Block #48912896 created with 0 txs
⛏️  Block #48912897 created with 0 txs
⛏️  Block #48912898 created with 0 txs
⛏️  Block #48912899 created with 0 txs
⛏️  Block #48912900 created with 0 txs
⛏️  Block #48912901 created with 0 txs
⛏️  Block #48912902 created with 0 txs
⛏️  Block #48912903 created with 0 txs
⛏️  Block #48912904 created with 0 txs
⛏️  Block #48912905 created with 0 txs
⛏️  Block #48912906 created with 0 txs
⛏️  Block #48912907 created with 0 txs
⛏️  Block #48912908 created with 0 txs
⛏️  Block #48912909 created with 0 txs
⛏️  Block #48912910 created with 0 txs
⛏️  Block #48912911 created with 0 txs
⛏️  Block #48912912 created with 0 txs
📊 Stats | Slot: 52,346,804 | Block: 48,912,912 | Epoch: 453 | Accounts: 3 | Txs: 0
⛏️  Block #48912913 created with 0 txs
⛏️  Block #48912914 created with 0 txs
⛏️  Block #48912915 created with 0 txs
⛏️  Block #48912916 created with 0 txs
⛏️  Block #48912917 created with 0 txs
⛏️  Block #48912918 created with 0 txs
⛏️  Block #48912919 created with 0 txs
⛏️  Block #48912920 created with 0 txs
⛏️  Block #48912921 created with 0 txs
⛏️  Block #48912922 created with 0 txs
⛏️  Block #48912923 created with 0 txs
⛏️  Block #48912924 created with 0 txs
⛏️  Block #48912925 created with 0 txs
⛏️  Block #48912926 created with 0 txs
⛏️  Block #48912927 created with 0 txs
⛏️  Block #48912928 created with 0 txs
⛏️  Block #48912929 created with 0 txs
⛏️  Block #48912930 created with 0 txs
⛏️  Block #48912931 created with 0 txs
⛏️  Block #48912932 created with 0 txs
⛏️  Block #48912933 created with 0 txs
⛏️  Block #48912934 created with 0 txs
⛏️  Block #48912935 created with 0 txs
⛏️  Block #48912936 created with 0 txs
⛏️  Block #48912937 created with 0 txs
⛏️  Block #48912938 created with 0 txs
⛏️  Block #48912939 created with 0 txs
⛏️  Block #48912940 created with 0 txs
⛏️  Block #48912941 created with 0 txs
⛏️  Block #48912942 created with 0 txs
⛏️  Block #48912943 created with 0 txs
⛏️  Block #48912944 created with 0 txs
⛏️  Block #48912945 created with 0 txs
⛏️  Block #48912946 created with 0 txs
⛏️  Block #48912947 created with 0 txs
⛏️  Block #48912948 created with 0 txs
⛏️  Block #48912949 created with 0 txs
📊 Stats | Slot: 52,346,879 | Block: 48,912,949 | Epoch: 453 | Accounts: 3 | Txs: 0
⛏️  Block #48912950 created with 0 txs
⛏️  Block #48912951 created with 0 txs
⛏️  Block #48912952 created with 0 txs
⛏️  Block #48912953 created with 0 txs
⛏️  Block #48912954 created with 0 txs
⛏️  Block #48912955 created with 0 txs
⛏️  Block #48912956 created with 0 txs
⛏️  Block #48912957 created with 0 txs
⛏️  Block #48912958 created with 0 txs
⛏️  Block #48912959 created with 0 txs
⛏️  Block #48912960 created with 0 txs
⛏️  Block #48912961 created with 0 txs
⛏️  Block #48912962 created with 0 txs
⛏️  Block #48912963 created with 0 txs
⛏️  Block #48912964 created with 0 txs
⛏️  Block #48912965 created with 0 txs
⛏️  Block #48912966 created with 0 txs
⛏️  Block #48912967 created with 0 txs
⛏️  Block #48912968 created with 0 txs
⛏️  Block #48912969 created with 0 txs
⛏️  Block #48912970 created with 0 txs
⛏️  Block #48912971 created with 0 txs
⛏️  Block #48912972 created with 0 txs
⛏️  Block #48912973 created with 0 txs
⛏️  Block #48912974 created with 0 txs
⛏️  Block #48912975 created with 0 txs
⛏️  Block #48912976 created with 0 txs
⛏️  Block #48912977 created with 0 txs
⛏️  Block #48912978 created with 0 txs
⛏️  Block #48912979 created with 0 txs
⛏️  Block #48912980 created with 0 txs
⛏️  Block #48912981 created with 0 txs
⛏️  Block #48912982 created with 0 txs
⛏️  Block #48912983 created with 0 txs
⛏️  Block #48912984 created with 0 txs
⛏️  Block #48912985 created with 0 txs
⛏️  Block #48912986 created with 0 txs
⛏️  Block #48912987 created with 0 txs
📊 Stats | Slot: 52,346,954 | Block: 48,912,987 | Epoch: 453 | Accounts: 3 | Txs: 0
⛏️  Block #48912988 created with 0 txs
⛏️  Block #48912989 created with 0 txs
⛏️  Block #48912990 created with 0 txs
⛏️  Block #48912991 created with 0 txs
⛏️  Block #48912992 created with 0 txs
⛏️  Block #48912993 created with 0 txs
⛏️  Block #48912994 created with 0 txs
⛏️  Block #48912995 created with 0 txs
⛏️  Block #48912996 created with 0 txs
⛏️  Block #48912997 created with 0 txs
⛏️  Block #48912998 created with 0 txs
⛏️  Block #48912999 created with 0 txs
⛏️  Block #48913000 created with 0 txs
⛏️  Block #48913001 created with 0 txs
⛏️  Block #48913002 created with 0 txs
⛏️  Block #48913003 created with 0 txs
⛏️  Block #48913004 created with 0 txs
⛏️  Block #48913005 created with 0 txs
⛏️  Block #48913006 created with 0 txs
⛏️  Block #48913007 created with 0 txs
⛏️  Block #48913008 created with 0 txs
⛏️  Block #48913009 created with 0 txs
⛏️  Block #48913010 created with 0 txs
⛏️  Block #48913011 created with 0 txs
⛏️  Block #48913012 created with 0 txs
⛏️  Block #48913013 created with 0 txs
⛏️  Block #48913014 created with 0 txs
⛏️  Block #48913015 created with 0 txs
⛏️  Block #48913016 created with 0 txs
⛏️  Block #48913017 created with 0 txs
⛏️  Block #48913018 created with 0 txs
⛏️  Block #48913019 created with 0 txs
⛏️  Block #48913020 created with 0 txs
⛏️  Block #48913021 created with 0 txs
⛏️  Block #48913022 created with 0 txs
⛏️  Block #48913023 created with 0 txs
⛏️  Block #48913024 created with 0 txs
📊 Stats | Slot: 52,347,029 | Block: 48,913,024 | Epoch: 453 | Accounts: 3 | Txs: 0
⛏️  Block #48913025 created with 0 txs
⛏️  Block #48913026 created with 0 txs
⛏️  Block #48913027 created with 0 txs
⛏️  Block #48913028 created with 0 txs
⛏️  Block #48913029 created with 0 txs
⛏️  Block #48913030 created with 0 txs
⛏️  Block #48913031 created with 0 txs
⛏️  Block #48913032 created with 0 txs
⛏️  Block #48913033 created with 0 txs
⛏️  Block #48913034 created with 0 txs
⛏️  Block #48913035 created with 0 txs
⛏️  Block #48913036 created with 0 txs
⛏️  Block #48913037 created with 0 txs
⛏️  Block #48913038 created with 0 txs
⛏️  Block #48913039 created with 0 txs
⛏️  Block #48913040 created with 0 txs
⛏️  Block #48913041 created with 0 txs
⛏️  Block #48913042 created with 0 txs
⛏️  Block #48913043 created with 0 txs
⛏️  Block #48913044 created with 0 txs
⛏️  Block #48913045 created with 0 txs
⛏️  Block #48913046 created with 0 txs
⛏️  Block #48913047 created with 0 txs
⛏️  Block #48913048 created with 0 txs
⛏️  Block #48913049 created with 0 txs
⛏️  Block #48913050 created with 0 txs
⛏️  Block #48913051 created with 0 txs
⛏️  Block #48913052 created with 0 txs
⛏️  Block #48913053 created with 0 txs
⛏️  Block #48913054 created with 0 txs
⛏️  Block #48913055 created with 0 txs
⛏️  Block #48913056 created with 0 txs
⛏️  Block #48913057 created with 0 txs
⛏️  Block #48913058 created with 0 txs
⛏️  Block #48913059 created with 0 txs
⛏️  Block #48913060 created with 0 txs
⛏️  Block #48913061 created with 0 txs
⛏️  Block #48913062 created with 0 txs
📊 Stats | Slot: 52,347,104 | Block: 48,913,062 | Epoch: 453 | Accounts: 3 | Txs: 0
⛏️  Block #48913063 created with 0 txs
⛏️  Block #48913064 created with 0 txs
⛏️  Block #48913065 created with 0 txs
⛏️  Block #48913066 created with 0 txs
⛏️  Block #48913067 created with 0 txs
⛏️  Block #48913068 created with 0 txs
⛏️  Block #48913069 created with 0 txs
⛏️  Block #48913070 created with 0 txs
⛏️  Block #48913071 created with 0 txs
⛏️  Block #48913072 created with 0 txs
⛏️  Block #48913073 created with 0 txs
⛏️  Block #48913074 created with 0 txs
⛏️  Block #48913075 created with 0 txs
⛏️  Block #48913076 created with 0 txs
⛏️  Block #48913077 created with 0 txs
⛏️  Block #48913078 created with 0 txs
⛏️  Block #48913079 created with 0 txs
⛏️  Block #48913080 created with 0 txs
⛏️  Block #48913081 created with 0 txs
⛏️  Block #48913082 created with 0 txs
⛏️  Block #48913083 created with 0 txs
⛏️  Block #48913084 created with 0 txs
⛏️  Block #48913085 created with 0 txs
⛏️  Block #48913086 created with 0 txs
⛏️  Block #48913087 created with 0 txs
⛏️  Block #48913088 created with 0 txs
⛏️  Block #48913089 created with 0 txs
⛏️  Block #48913090 created with 0 txs
⛏️  Block #48913091 created with 0 txs
⛏️  Block #48913092 created with 0 txs
⛏️  Block #48913093 created with 0 txs
⛏️  Block #48913094 created with 0 txs
⛏️  Block #48913095 created with 0 txs
⛏️  Block #48913096 created with 0 txs
⛏️  Block #48913097 created with 0 txs
⛏️  Block #48913098 created with 0 txs
⛏️  Block #48913099 created with 0 txs
📊 Stats | Slot: 52,347,179 | Block: 48,913,099 | Epoch: 453 | Accounts: 3 | Txs: 0
⛏️  Block #48913100 created with 0 txs
⛏️  Block #48913101 created with 0 txs
⛏️  Block #48913102 created with 0 txs
⛏️  Block #48913103 created with 0 txs
⛏️  Block #48913104 created with 0 txs
⛏️  Block #48913105 created with 0 txs
⛏️  Block #48913106 created with 0 txs
⛏️  Block #48913107 created with 0 txs
⛏️  Block #48913108 created with 0 txs
⛏️  Block #48913109 created with 0 txs
⛏️  Block #48913110 created with 0 txs
⛏️  Block #48913111 created with 0 txs
⛏️  Block #48913112 created with 0 txs
⛏️  Block #48913113 created with 0 txs
⛏️  Block #48913114 created with 0 txs
⛏️  Block #48913115 created with 0 txs
⛏️  Block #48913116 created with 0 txs
⛏️  Block #48913117 created with 0 txs
⛏️  Block #48913118 created with 0 txs
⛏️  Block #48913119 created with 0 txs
⛏️  Block #48913120 created with 0 txs
⛏️  Block #48913121 created with 0 txs
⛏️  Block #48913122 created with 0 txs
⛏️  Block #48913123 created with 0 txs
⛏️  Block #48913124 created with 0 txs
⛏️  Block #48913125 created with 0 txs
⛏️  Block #48913126 created with 0 txs
⛏️  Block #48913127 created with 0 txs
⛏️  Block #48913128 created with 0 txs
⛏️  Block #48913129 created with 0 txs
⛏️  Block #48913130 created with 0 txs
⛏️  Block #48913131 created with 0 txs
⛏️  Block #48913132 created with 0 txs
⛏️  Block #48913133 created with 0 txs
⛏️  Block #48913134 created with 0 txs
⛏️  Block #48913135 created with 0 txs
⛏️  Block #48913136 created with 0 txs
⛏️  Block #48913137 created with 0 txs
📊 Stats | Slot: 52,347,254 | Block: 48,913,137 | Epoch: 453 | Accounts: 3 | Txs: 0
⛏️  Block #48913138 created with 0 txs
⛏️  Block #48913139 created with 0 txs
⛏️  Block #48913140 created with 0 txs
⛏️  Block #48913141 created with 0 txs
⛏️  Block #48913142 created with 0 txs
⛏️  Block #48913143 created with 0 txs
⛏️  Block #48913144 created with 0 txs
⛏️  Block #48913145 created with 0 txs
⛏️  Block #48913146 created with 0 txs
⛏️  Block #48913147 created with 0 txs
⛏️  Block #48913148 created with 0 txs
⛏️  Block #48913149 created with 0 txs
⛏️  Block #48913150 created with 0 txs
⛏️  Block #48913151 created with 0 txs
⛏️  Block #48913152 created with 0 txs
⛏️  Block #48913153 created with 0 txs
⛏️  Block #48913154 created with 0 txs
⛏️  Block #48913155 created with 0 txs
⛏️  Block #48913156 created with 0 txs
⛏️  Block #48913157 created with 0 txs
⛏️  Block #48913158 created with 0 txs
⛏️  Block #48913159 created with 0 txs
⛏️  Block #48913160 created with 0 txs
⛏️  Block #48913161 created with 0 txs
⛏️  Block #48913162 created with 0 txs
⛏️  Block #48913163 created with 0 txs
⛏️  Block #48913164 created with 0 txs
⛏️  Block #48913165 created with 0 txs
⛏️  Block #48913166 created with 0 txs
⛏️  Block #48913167 created with 0 txs
⛏️  Block #48913168 created with 0 txs
⛏️  Block #48913169 created with 0 txs
⛏️  Block #48913170 created with 0 txs
⛏️  Block #48913171 created with 0 txs
⛏️  Block #48913172 created with 0 txs
⛏️  Block #48913173 created with 0 txs
⛏️  Block #48913174 created with 0 txs
📊 Stats | Slot: 52,347,328 | Block: 48,913,174 | Epoch: 453 | Accounts: 3 | Txs: 0
⛏️  Block #48913175 created with 0 txs
⛏️  Block #48913176 created with 0 txs
⛏️  Block #48913177 created with 0 txs
⛏️  Block #48913178 created with 0 txs
⛏️  Block #48913179 created with 0 txs
⛏️  Block #48913180 created with 0 txs
⛏️  Block #48913181 created with 0 txs
⛏️  Block #48913182 created with 0 txs
⛏️  Block #48913183 created with 0 txs
⛏️  Block #48913184 created with 0 txs
⛏️  Block #48913185 created with 0 txs
⛏️  Block #48913186 created with 0 txs
⛏️  Block #48913187 created with 0 txs
⛏️  Block #48913188 created with 0 txs
⛏️  Block #48913189 created with 0 txs
⛏️  Block #48913190 created with 0 txs
⛏️  Block #48913191 created with 0 txs
⛏️  Block #48913192 created with 0 txs
⛏️  Block #48913193 created with 0 txs
⛏️  Block #48913194 created with 0 txs
⛏️  Block #48913195 created with 0 txs
⛏️  Block #48913196 created with 0 txs
⛏️  Block #48913197 created with 0 txs
⛏️  Block #48913198 created with 0 txs
⛏️  Block #48913199 created with 0 txs
⛏️  Block #48913200 created with 0 txs
⛏️  Block #48913201 created with 0 txs
⛏️  Block #48913202 created with 0 txs
⛏️  Block #48913203 created with 0 txs
⛏️  Block #48913204 created with 0 txs
⛏️  Block #48913205 created with 0 txs
⛏️  Block #48913206 created with 0 txs
⛏️  Block #48913207 created with 0 txs
⛏️  Block #48913208 created with 0 txs
⛏️  Block #48913209 created with 0 txs
⛏️  Block #48913210 created with 0 txs
⛏️  Block #48913211 created with 0 txs
📊 Stats | Slot: 52,347,403 | Block: 48,913,211 | Epoch: 453 | Accounts: 3 | Txs: 0
⛏️  Block #48913212 created with 0 txs
⛏️  Block #48913213 created with 0 txs
⛏️  Block #48913214 created with 0 txs
⛏️  Block #48913215 created with 0 txs
⛏️  Block #48913216 created with 0 txs
⛏️  Block #48913217 created with 0 txs
⛏️  Block #48913218 created with 0 txs
⛏️  Block #48913219 created with 0 txs
⛏️  Block #48913220 created with 0 txs
⛏️  Block #48913221 created with 0 txs
⛏️  Block #48913222 created with 0 txs
⛏️  Block #48913223 created with 0 txs
⛏️  Block #48913224 created with 0 txs
⛏️  Block #48913225 created with 0 txs
⛏️  Block #48913226 created with 0 txs
⛏️  Block #48913227 created with 0 txs
⛏️  Block #48913228 created with 0 txs
⛏️  Block #48913229 created with 0 txs
⛏️  Block #48913230 created with 0 txs
⛏️  Block #48913231 created with 0 txs
⛏️  Block #48913232 created with 0 txs
⛏️  Block #48913233 created with 0 txs
⛏️  Block #48913234 created with 0 txs
⛏️  Block #48913235 created with 0 txs
⛏️  Block #48913236 created with 0 txs
⛏️  Block #48913237 created with 0 txs
⛏️  Block #48913238 created with 0 txs
⛏️  Block #48913239 created with 0 txs
⛏️  Block #48913240 created with 0 txs
⛏️  Block #48913241 created with 0 txs
⛏️  Block #48913242 created with 0 txs
⛏️  Block #48913243 created with 0 txs
⛏️  Block #48913244 created with 0 txs
⛏️  Block #48913245 created with 0 txs
⛏️  Block #48913246 created with 0 txs
⛏️  Block #48913247 created with 0 txs
⛏️  Block #48913248 created with 0 txs
⛏️  Block #48913249 created with 0 txs
📊 Stats | Slot: 52,347,478 | Block: 48,913,249 | Epoch: 453 | Accounts: 3 | Txs: 0
⛏️  Block #48913250 created with 0 txs
⛏️  Block #48913251 created with 0 txs
⛏️  Block #48913252 created with 0 txs
⛏️  Block #48913253 created with 0 txs
⛏️  Block #48913254 created with 0 txs
⛏️  Block #48913255 created with 0 txs
⛏️  Block #48913256 created with 0 txs
⛏️  Block #48913257 created with 0 txs
⛏️  Block #48913258 created with 0 txs
⛏️  Block #48913259 created with 0 txs
⛏️  Block #48913260 created with 0 txs
⛏️  Block #48913261 created with 0 txs
⛏️  Block #48913262 created with 0 txs
⛏️  Block #48913263 created with 0 txs
⛏️  Block #48913264 created with 0 txs
⛏️  Block #48913265 created with 0 txs
⛏️  Block #48913266 created with 0 txs
⛏️  Block #48913267 created with 0 txs
⛏️  Block #48913268 created with 0 txs
⛏️  Block #48913269 created with 0 txs
⛏️  Block #48913270 created with 0 txs
⛏️  Block #48913271 created with 0 txs
⛏️  Block #48913272 created with 0 txs
⛏️  Block #48913273 created with 0 txs
⛏️  Block #48913274 created with 0 txs
⛏️  Block #48913275 created with 0 txs
⛏️  Block #48913276 created with 0 txs
⛏️  Block #48913277 created with 0 txs
⛏️  Block #48913278 created with 0 txs
⛏️  Block #48913279 created with 0 txs
⛏️  Block #48913280 created with 0 txs
⛏️  Block #48913281 created with 0 txs
⛏️  Block #48913282 created with 0 txs
⛏️  Block #48913283 created with 0 txs
⛏️  Block #48913284 created with 0 txs
⛏️  Block #48913285 created with 0 txs
⛏️  Block #48913286 created with 0 txs
📊 Stats | Slot: 52,347,553 | Block: 48,913,286 | Epoch: 453 | Accounts: 3 | Txs: 0
⛏️  Block #48913287 created with 0 txs
⛏️  Block #48913288 created with 0 txs
⛏️  Block #48913289 created with 0 txs
⛏️  Block #48913290 created with 0 txs
⛏️  Block #48913291 created with 0 txs
⛏️  Block #48913292 created with 0 txs
⛏️  Block #48913293 created with 0 txs
⛏️  Block #48913294 created with 0 txs
⛏️  Block #48913295 created with 0 txs
⛏️  Block #48913296 created with 0 txs
⛏️  Block #48913297 created with 0 txs
⛏️  Block #48913298 created with 0 txs
⛏️  Block #48913299 created with 0 txs
⛏️  Block #48913300 created with 0 txs
⛏️  Block #48913301 created with 0 txs
⛏️  Block #48913302 created with 0 txs
⛏️  Block #48913303 created with 0 txs
⛏️  Block #48913304 created with 0 txs
⛏️  Block #48913305 created with 0 txs
⛏️  Block #48913306 created with 0 txs
⛏️  Block #48913307 created with 0 txs
⛏️  Block #48913308 created with 0 txs
⛏️  Block #48913309 created with 0 txs
⛏️  Block #48913310 created with 0 txs
⛏️  Block #48913311 created with 0 txs
⛏️  Block #48913312 created with 0 txs
⛏️  Block #48913313 created with 0 txs
⛏️  Block #48913314 created with 0 txs
⛏️  Block #48913315 created with 0 txs
⛏️  Block #48913316 created with 0 txs
⛏️  Block #48913317 created with 0 txs
⛏️  Block #48913318 created with 0 txs
⛏️  Block #48913319 created with 0 txs
⛏️  Block #48913320 created with 0 txs
⛏️  Block #48913321 created with 0 txs
⛏️  Block #48913322 created with 0 txs
⛏️  Block #48913323 created with 0 txs
⛏️  Block #48913324 created with 0 txs
📊 Stats | Slot: 52,347,628 | Block: 48,913,324 | Epoch: 453 | Accounts: 3 | Txs: 0
⛏️  Block #48913325 created with 0 txs
⛏️  Block #48913326 created with 0 txs
⛏️  Block #48913327 created with 0 txs
⛏️  Block #48913328 created with 0 txs
⛏️  Block #48913329 created with 0 txs
⛏️  Block #48913330 created with 0 txs
⛏️  Block #48913331 created with 0 txs
⛏️  Block #48913332 created with 0 txs
⛏️  Block #48913333 created with 0 txs
⛏️  Block #48913334 created with 0 txs
⛏️  Block #48913335 created with 0 txs
⛏️  Block #48913336 created with 0 txs
⛏️  Block #48913337 created with 0 txs
⛏️  Block #48913338 created with 0 txs
⛏️  Block #48913339 created with 0 txs
⛏️  Block #48913340 created with 0 txs
⛏️  Block #48913341 created with 0 txs
⛏️  Block #48913342 created with 0 txs
⛏️  Block #48913343 created with 0 txs
⛏️  Block #48913344 created with 0 txs
⛏️  Block #48913345 created with 0 txs
⛏️  Block #48913346 created with 0 txs
⛏️  Block #48913347 created with 0 txs
⛏️  Block #48913348 created with 0 txs
⛏️  Block #48913349 created with 0 txs
⛏️  Block #48913350 created with 0 txs
⛏️  Block #48913351 created with 0 txs
⛏️  Block #48913352 created with 0 txs
⛏️  Block #48913353 created with 0 txs
⛏️  Block #48913354 created with 0 txs
⛏️  Block #48913355 created with 0 txs
⛏️  Block #48913356 created with 0 txs
⛏️  Block #48913357 created with 0 txs
⛏️  Block #48913358 created with 0 txs
⛏️  Block #48913359 created with 0 txs
⛏️  Block #48913360 created with 0 txs
⛏️  Block #48913361 created with 0 txs
📊 Stats | Slot: 52,347,703 | Block: 48,913,361 | Epoch: 453 | Accounts: 3 | Txs: 0
⛏️  Block #48913362 created with 0 txs
⛏️  Block #48913363 created with 0 txs
⛏️  Block #48913364 created with 0 txs
⛏️  Block #48913365 created with 0 txs
⛏️  Block #48913366 created with 0 txs
⛏️  Block #48913367 created with 0 txs
⛏️  Block #48913368 created with 0 txs
⛏️  Block #48913369 created with 0 txs
⛏️  Block #48913370 created with 0 txs
⛏️  Block #48913371 created with 0 txs
⛏️  Block #48913372 created with 0 txs
⛏️  Block #48913373 created with 0 txs
⛏️  Block #48913374 created with 0 txs
⛏️  Block #48913375 created with 0 txs
⛏️  Block #48913376 created with 0 txs
⛏️  Block #48913377 created with 0 txs
⛏️  Block #48913378 created with 0 txs
⛏️  Block #48913379 created with 0 txs
⛏️  Block #48913380 created with 0 txs
⛏️  Block #48913381 created with 0 txs
⛏️  Block #48913382 created with 0 txs
⛏️  Block #48913383 created with 0 txs
⛏️  Block #48913384 created with 0 txs
⛏️  Block #48913385 created with 0 txs
⛏️  Block #48913386 created with 0 txs
⛏️  Block #48913387 created with 0 txs
⛏️  Block #48913388 created with 0 txs
⛏️  Block #48913389 created with 0 txs
⛏️  Block #48913390 created with 0 txs
⛏️  Block #48913391 created with 0 txs
⛏️  Block #48913392 created with 0 txs
⛏️  Block #48913393 created with 0 txs
⛏️  Block #48913394 created with 0 txs
⛏️  Block #48913395 created with 0 txs
⛏️  Block #48913396 created with 0 txs
⛏️  Block #48913397 created with 0 txs
⛏️  Block #48913398 created with 0 txs
⛏️  Block #48913399 created with 0 txs
📊 Stats | Slot: 52,347,778 | Block: 48,913,399 | Epoch: 453 | Accounts: 3 | Txs: 0
⛏️  Block #48913400 created with 0 txs
⛏️  Block #48913401 created with 0 txs
⛏️  Block #48913402 created with 0 txs
⛏️  Block #48913403 created with 0 txs
⛏️  Block #48913404 created with 0 txs
⛏️  Block #48913405 created with 0 txs
⛏️  Block #48913406 created with 0 txs
⛏️  Block #48913407 created with 0 txs
⛏️  Block #48913408 created with 0 txs
⛏️  Block #48913409 created with 0 txs
⛏️  Block #48913410 created with 0 txs
⛏️  Block #48913411 created with 0 txs
⛏️  Block #48913412 created with 0 txs
⛏️  Block #48913413 created with 0 txs
⛏️  Block #48913414 created with 0 txs
⛏️  Block #48913415 created with 0 txs
⛏️  Block #48913416 created with 0 txs
⛏️  Block #48913417 created with 0 txs
⛏️  Block #48913418 created with 0 txs
⛏️  Block #48913419 created with 0 txs
⛏️  Block #48913420 created with 0 txs
⛏️  Block #48913421 created with 0 txs
⛏️  Block #48913422 created with 0 txs
⛏️  Block #48913423 created with 0 txs
⛏️  Block #48913424 created with 0 txs
⛏️  Block #48913425 created with 0 txs
⛏️  Block #48913426 created with 0 txs
⛏️  Block #48913427 created with 0 txs
⛏️  Block #48913428 created with 0 txs
⛏️  Block #48913429 created with 0 txs
⛏️  Block #48913430 created with 0 txs
⛏️  Block #48913431 created with 0 txs
⛏️  Block #48913432 created with 0 txs
⛏️  Block #48913433 created with 0 txs
⛏️  Block #48913434 created with 0 txs
⛏️  Block #48913435 created with 0 txs
⛏️  Block #48913436 created with 0 txs
📊 Stats | Slot: 52,347,853 | Block: 48,913,436 | Epoch: 453 | Accounts: 3 | Txs: 0
⛏️  Block #48913437 created with 0 txs
⛏️  Block #48913438 created with 0 txs
⛏️  Block #48913439 created with 0 txs
⛏️  Block #48913440 created with 0 txs
⛏️  Block #48913441 created with 0 txs
⛏️  Block #48913442 created with 0 txs
⛏️  Block #48913443 created with 0 txs
⛏️  Block #48913444 created with 0 txs
⛏️  Block #48913445 created with 0 txs
⛏️  Block #48913446 created with 0 txs
⛏️  Block #48913447 created with 0 txs
⛏️  Block #48913448 created with 0 txs
⛏️  Block #48913449 created with 0 txs
⛏️  Block #48913450 created with 0 txs
⛏️  Block #48913451 created with 0 txs
⛏️  Block #48913452 created with 0 txs
⛏️  Block #48913453 created with 0 txs
⛏️  Block #48913454 created with 0 txs
⛏️  Block #48913455 created with 0 txs
⛏️  Block #48913456 created with 0 txs
⛏️  Block #48913457 created with 0 txs
⛏️  Block #48913458 created with 0 txs
⛏️  Block #48913459 created with 0 txs
⛏️  Block #48913460 created with 0 txs
⛏️  Block #48913461 created with 0 txs
⛏️  Block #48913462 created with 0 txs
⛏️  Block #48913463 created with 0 txs
⛏️  Block #48913464 created with 0 txs
⛏️  Block #48913465 created with 0 txs
⛏️  Block #48913466 created with 0 txs
⛏️  Block #48913467 created with 0 txs
⛏️  Block #48913468 created with 0 txs
⛏️  Block #48913469 created with 0 txs
⛏️  Block #48913470 created with 0 txs
⛏️  Block #48913471 created with 0 txs
⛏️  Block #48913472 created with 0 txs
⛏️  Block #48913473 created with 0 txs
⛏️  Block #48913474 created with 0 txs
📊 Stats | Slot: 52,347,928 | Block: 48,913,474 | Epoch: 453 | Accounts: 3 | Txs: 0
⛏️  Block #48913475 created with 0 txs
⛏️  Block #48913476 created with 0 txs
⛏️  Block #48913477 created with 0 txs
⛏️  Block #48913478 created with 0 txs
⛏️  Block #48913479 created with 0 txs
⛏️  Block #48913480 created with 0 txs
⛏️  Block #48913481 created with 0 txs
⛏️  Block #48913482 created with 0 txs
⛏️  Block #48913483 created with 0 txs
⛏️  Block #48913484 created with 0 txs
⛏️  Block #48913485 created with 0 txs
⛏️  Block #48913486 created with 0 txs
⛏️  Block #48913487 created with 0 txs
⛏️  Block #48913488 created with 0 txs
⛏️  Block #48913489 created with 0 txs
⛏️  Block #48913490 created with 0 txs
⛏️  Block #48913491 created with 0 txs
⛏️  Block #48913492 created with 0 txs
⛏️  Block #48913493 created with 0 txs
⛏️  Block #48913494 created with 0 txs
⛏️  Block #48913495 created with 0 txs
⛏️  Block #48913496 created with 0 txs
⛏️  Block #48913497 created with 0 txs
⛏️  Block #48913498 created with 0 txs
⛏️  Block #48913499 created with 0 txs
⛏️  Block #48913500 created with 0 txs
⛏️  Block #48913501 created with 0 txs
⛏️  Block #48913502 created with 0 txs
⛏️  Block #48913503 created with 0 txs
⛏️  Block #48913504 created with 0 txs
⛏️  Block #48913505 created with 0 txs
⛏️  Block #48913506 created with 0 txs
⛏️  Block #48913507 created with 0 txs
⛏️  Block #48913508 created with 0 txs
⛏️  Block #48913509 created with 0 txs
⛏️  Block #48913510 created with 0 txs
⛏️  Block #48913511 created with 0 txs
📊 Stats | Slot: 52,348,003 | Block: 48,913,511 | Epoch: 453 | Accounts: 3 | Txs: 0
⛏️  Block #48913512 created with 0 txs
⛏️  Block #48913513 created with 0 txs
⛏️  Block #48913514 created with 0 txs
⛏️  Block #48913515 created with 0 txs
⛏️  Block #48913516 created with 0 txs
⛏️  Block #48913517 created with 0 txs
⛏️  Block #48913518 created with 0 txs
⛏️  Block #48913519 created with 0 txs
⛏️  Block #48913520 created with 0 txs
⛏️  Block #48913521 created with 0 txs
⛏️  Block #48913522 created with 0 txs
⛏️  Block #48913523 created with 0 txs
⛏️  Block #48913524 created with 0 txs
⛏️  Block #48913525 created with 0 txs
⛏️  Block #48913526 created with 0 txs
⛏️  Block #48913527 created with 0 txs
⛏️  Block #48913528 created with 0 txs
⛏️  Block #48913529 created with 0 txs
⛏️  Block #48913530 created with 0 txs
⛏️  Block #48913531 created with 0 txs
⛏️  Block #48913532 created with 0 txs
⛏️  Block #48913533 created with 0 txs
⛏️  Block #48913534 created with 0 txs
⛏️  Block #48913535 created with 0 txs
⛏️  Block #48913536 created with 0 txs
⛏️  Block #48913537 created with 0 txs
⛏️  Block #48913538 created with 0 txs
⛏️  Block #48913539 created with 0 txs
⛏️  Block #48913540 created with 0 txs
⛏️  Block #48913541 created with 0 txs
⛏️  Block #48913542 created with 0 txs
⛏️  Block #48913543 created with 0 txs
⛏️  Block #48913544 created with 0 txs
⛏️  Block #48913545 created with 0 txs
⛏️  Block #48913546 created with 0 txs
⛏️  Block #48913547 created with 0 txs
⛏️  Block #48913548 created with 0 txs
📊 Stats | Slot: 52,348,077 | Block: 48,913,548 | Epoch: 453 | Accounts: 3 | Txs: 0
⛏️  Block #48913549 created with 0 txs
⛏️  Block #48913550 created with 0 txs
⛏️  Block #48913551 created with 0 txs
⛏️  Block #48913552 created with 0 txs
⛏️  Block #48913553 created with 0 txs
⛏️  Block #48913554 created with 0 txs
⛏️  Block #48913555 created with 0 txs
⛏️  Block #48913556 created with 0 txs
⛏️  Block #48913557 created with 0 txs
⛏️  Block #48913558 created with 0 txs
⛏️  Block #48913559 created with 0 txs
⛏️  Block #48913560 created with 0 txs
⛏️  Block #48913561 created with 0 txs
⛏️  Block #48913562 created with 0 txs
⛏️  Block #48913563 created with 0 txs
⛏️  Block #48913564 created with 0 txs
⛏️  Block #48913565 created with 0 txs
⛏️  Block #48913566 created with 0 txs
⛏️  Block #48913567 created with 0 txs
⛏️  Block #48913568 created with 0 txs
⛏️  Block #48913569 created with 0 txs
⛏️  Block #48913570 created with 0 txs
⛏️  Block #48913571 created with 0 txs
⛏️  Block #48913572 created with 0 txs
⛏️  Block #48913573 created with 0 txs
⛏️  Block #48913574 created with 0 txs
⛏️  Block #48913575 created with 0 txs
⛏️  Block #48913576 created with 0 txs
⛏️  Block #48913577 created with 0 txs
⛏️  Block #48913578 created with 0 txs
⛏️  Block #48913579 created with 0 txs
⛏️  Block #48913580 created with 0 txs
⛏️  Block #48913581 created with 0 txs
⛏️  Block #48913582 created with 0 txs
⛏️  Block #48913583 created with 0 txs
⛏️  Block #48913584 created with 0 txs
⛏️  Block #48913585 created with 0 txs
⛏️  Block #48913586 created with 0 txs
📊 Stats | Slot: 52,348,152 | Block: 48,913,586 | Epoch: 453 | Accounts: 3 | Txs: 0
⛏️  Block #48913587 created with 0 txs
⛏️  Block #48913588 created with 0 txs
⛏️  Block #48913589 created with 0 txs
⛏️  Block #48913590 created with 0 txs
⛏️  Block #48913591 created with 0 txs
⛏️  Block #48913592 created with 0 txs
⛏️  Block #48913593 created with 0 txs
⛏️  Block #48913594 created with 0 txs
⛏️  Block #48913595 created with 0 txs
⛏️  Block #48913596 created with 0 txs
⛏️  Block #48913597 created with 0 txs
⛏️  Block #48913598 created with 0 txs
⛏️  Block #48913599 created with 0 txs
⛏️  Block #48913600 created with 0 txs
⛏️  Block #48913601 created with 0 txs
⛏️  Block #48913602 created with 0 txs
⛏️  Block #48913603 created with 0 txs
⛏️  Block #48913604 created with 0 txs
⛏️  Block #48913605 created with 0 txs
⛏️  Block #48913606 created with 0 txs
⛏️  Block #48913607 created with 0 txs
⛏️  Block #48913608 created with 0 txs
⛏️  Block #48913609 created with 0 txs
⛏️  Block #48913610 created with 0 txs
⛏️  Block #48913611 created with 0 txs
⛏️  Block #48913612 created with 0 txs
⛏️  Block #48913613 created with 0 txs
⛏️  Block #48913614 created with 0 txs
⛏️  Block #48913615 created with 0 txs
⛏️  Block #48913616 created with 0 txs
⛏️  Block #48913617 created with 0 txs
⛏️  Block #48913618 created with 0 txs
⛏️  Block #48913619 created with 0 txs
⛏️  Block #48913620 created with 0 txs
⛏️  Block #48913621 created with 0 txs
⛏️  Block #48913622 created with 0 txs
⛏️  Block #48913623 created with 0 txs
📊 Stats | Slot: 52,348,227 | Block: 48,913,623 | Epoch: 453 | Accounts: 3 | Txs: 0
⛏️  Block #48913624 created with 0 txs
⛏️  Block #48913625 created with 0 txs
⛏️  Block #48913626 created with 0 txs
⛏️  Block #48913627 created with 0 txs
⛏️  Block #48913628 created with 0 txs
⛏️  Block #48913629 created with 0 txs
⛏️  Block #48913630 created with 0 txs
⛏️  Block #48913631 created with 0 txs
⛏️  Block #48913632 created with 0 txs
⛏️  Block #48913633 created with 0 txs
⛏️  Block #48913634 created with 0 txs
⛏️  Block #48913635 created with 0 txs
⛏️  Block #48913636 created with 0 txs
⛏️  Block #48913637 created with 0 txs
⛏️  Block #48913638 created with 0 txs
⛏️  Block #48913639 created with 0 txs
⛏️  Block #48913640 created with 0 txs
⛏️  Block #48913641 created with 0 txs
⛏️  Block #48913642 created with 0 txs
⛏️  Block #48913643 created with 0 txs
⛏️  Block #48913644 created with 0 txs
⛏️  Block #48913645 created with 0 txs
⛏️  Block #48913646 created with 0 txs
⛏️  Block #48913647 created with 0 txs
⛏️  Block #48913648 created with 0 txs
⛏️  Block #48913649 created with 0 txs
⛏️  Block #48913650 created with 0 txs
⛏️  Block #48913651 created with 0 txs
⛏️  Block #48913652 created with 0 txs
⛏️  Block #48913653 created with 0 txs
⛏️  Block #48913654 created with 0 txs
⛏️  Block #48913655 created with 0 txs
⛏️  Block #48913656 created with 0 txs
⛏️  Block #48913657 created with 0 txs
⛏️  Block #48913658 created with 0 txs
⛏️  Block #48913659 created with 0 txs
⛏️  Block #48913660 created with 0 txs
⛏️  Block #48913661 created with 0 txs
📊 Stats | Slot: 52,348,302 | Block: 48,913,661 | Epoch: 453 | Accounts: 3 | Txs: 0
⛏️  Block #48913662 created with 0 txs
⛏️  Block #48913663 created with 0 txs
⛏️  Block #48913664 created with 0 txs
⛏️  Block #48913665 created with 0 txs
⛏️  Block #48913666 created with 0 txs
⛏️  Block #48913667 created with 0 txs
⛏️  Block #48913668 created with 0 txs
⛏️  Block #48913669 created with 0 txs
⛏️  Block #48913670 created with 0 txs
⛏️  Block #48913671 created with 0 txs
⛏️  Block #48913672 created with 0 txs
⛏️  Block #48913673 created with 0 txs
⛏️  Block #48913674 created with 0 txs
⛏️  Block #48913675 created with 0 txs
⛏️  Block #48913676 created with 0 txs
⛏️  Block #48913677 created with 0 txs
⛏️  Block #48913678 created with 0 txs
⛏️  Block #48913679 created with 0 txs
⛏️  Block #48913680 created with 0 txs
⛏️  Block #48913681 created with 0 txs
⛏️  Block #48913682 created with 0 txs
⛏️  Block #48913683 created with 0 txs
⛏️  Block #48913684 created with 0 txs
⛏️  Block #48913685 created with 0 txs
⛏️  Block #48913686 created with 0 txs
⛏️  Block #48913687 created with 0 txs
⛏️  Block #48913688 created with 0 txs
⛏️  Block #48913689 created with 0 txs
⛏️  Block #48913690 created with 0 txs
⛏️  Block #48913691 created with 0 txs
⛏️  Block #48913692 created with 0 txs
⛏️  Block #48913693 created with 0 txs
⛏️  Block #48913694 created with 0 txs
⛏️  Block #48913695 created with 0 txs
⛏️  Block #48913696 created with 0 txs
⛏️  Block #48913697 created with 0 txs
⛏️  Block #48913698 created with 0 txs
📊 Stats | Slot: 52,348,377 | Block: 48,913,698 | Epoch: 453 | Accounts: 3 | Txs: 0
⛏️  Block #48913699 created with 0 txs
⛏️  Block #48913700 created with 0 txs
⛏️  Block #48913701 created with 0 txs
⛏️  Block #48913702 created with 0 txs
⛏️  Block #48913703 created with 0 txs
⛏️  Block #48913704 created with 0 txs
⛏️  Block #48913705 created with 0 txs
⛏️  Block #48913706 created with 0 txs
⛏️  Block #48913707 created with 0 txs
⛏️  Block #48913708 created with 0 txs
⛏️  Block #48913709 created with 0 txs
⛏️  Block #48913710 created with 0 txs
⛏️  Block #48913711 created with 0 txs
⛏️  Block #48913712 created with 0 txs
⛏️  Block #48913713 created with 0 txs
⛏️  Block #48913714 created with 0 txs
⛏️  Block #48913715 created with 0 txs
⛏️  Block #48913716 created with 0 txs
⛏️  Block #48913717 created with 0 txs
⛏️  Block #48913718 created with 0 txs
⛏️  Block #48913719 created with 0 txs
⛏️  Block #48913720 created with 0 txs
⛏️  Block #48913721 created with 0 txs
⛏️  Block #48913722 created with 0 txs
⛏️  Block #48913723 created with 0 txs
⛏️  Block #48913724 created with 0 txs
⛏️  Block #48913725 created with 0 txs
⛏️  Block #48913726 created with 0 txs
⛏️  Block #48913727 created with 0 txs
⛏️  Block #48913728 created with 0 txs
⛏️  Block #48913729 created with 0 txs
⛏️  Block #48913730 created with 0 txs
⛏️  Block #48913731 created with 0 txs
⛏️  Block #48913732 created with 0 txs
⛏️  Block #48913733 created with 0 txs
⛏️  Block #48913734 created with 0 txs
⛏️  Block #48913735 created with 0 txs
⛏️  Block #48913736 created with 0 txs
📊 Stats | Slot: 52,348,452 | Block: 48,913,736 | Epoch: 453 | Accounts: 3 | Txs: 0
⛏️  Block #48913737 created with 0 txs
⛏️  Block #48913738 created with 0 txs
⛏️  Block #48913739 created with 0 txs
⛏️  Block #48913740 created with 0 txs
⛏️  Block #48913741 created with 0 txs
⛏️  Block #48913742 created with 0 txs
⛏️  Block #48913743 created with 0 txs
⛏️  Block #48913744 created with 0 txs
⛏️  Block #48913745 created with 0 txs
⛏️  Block #48913746 created with 0 txs
⛏️  Block #48913747 created with 0 txs
⛏️  Block #48913748 created with 0 txs
⛏️  Block #48913749 created with 0 txs
⛏️  Block #48913750 created with 0 txs
⛏️  Block #48913751 created with 0 txs
⛏️  Block #48913752 created with 0 txs
⛏️  Block #48913753 created with 0 txs
⛏️  Block #48913754 created with 0 txs
⛏️  Block #48913755 created with 0 txs
⛏️  Block #48913756 created with 0 txs
⛏️  Block #48913757 created with 0 txs
⛏️  Block #48913758 created with 0 txs
⛏️  Block #48913759 created with 0 txs
⛏️  Block #48913760 created with 0 txs
⛏️  Block #48913761 created with 0 txs
⛏️  Block #48913762 created with 0 txs
⛏️  Block #48913763 created with 0 txs
⛏️  Block #48913764 created with 0 txs
⛏️  Block #48913765 created with 0 txs
⛏️  Block #48913766 created with 0 txs
⛏️  Block #48913767 created with 0 txs
⛏️  Block #48913768 created with 0 txs
⛏️  Block #48913769 created with 0 txs
⛏️  Block #48913770 created with 0 txs
⛏️  Block #48913771 created with 0 txs
⛏️  Block #48913772 created with 0 txs
⛏️  Block #48913773 created with 0 txs
📊 Stats | Slot: 52,348,527 | Block: 48,913,773 | Epoch: 453 | Accounts: 3 | Txs: 0
⛏️  Block #48913774 created with 0 txs
⛏️  Block #48913775 created with 0 txs
⛏️  Block #48913776 created with 0 txs
⛏️  Block #48913777 created with 0 txs
⛏️  Block #48913778 created with 0 txs
⛏️  Block #48913779 created with 0 txs
⛏️  Block #48913780 created with 0 txs
⛏️  Block #48913781 created with 0 txs
⛏️  Block #48913782 created with 0 txs
⛏️  Block #48913783 created with 0 txs
⛏️  Block #48913784 created with 0 txs
⛏️  Block #48913785 created with 0 txs
⛏️  Block #48913786 created with 0 txs
⛏️  Block #48913787 created with 0 txs
⛏️  Block #48913788 created with 0 txs
⛏️  Block #48913789 created with 0 txs
⛏️  Block #48913790 created with 0 txs
⛏️  Block #48913791 created with 0 txs
⛏️  Block #48913792 created with 0 txs
⛏️  Block #48913793 created with 0 txs
⛏️  Block #48913794 created with 0 txs
⛏️  Block #48913795 created with 0 txs
⛏️  Block #48913796 created with 0 txs
⛏️  Block #48913797 created with 0 txs
⛏️  Block #48913798 created with 0 txs
⛏️  Block #48913799 created with 0 txs
⛏️  Block #48913800 created with 0 txs
⛏️  Block #48913801 created with 0 txs
⛏️  Block #48913802 created with 0 txs
⛏️  Block #48913803 created with 0 txs
⛏️  Block #48913804 created with 0 txs
⛏️  Block #48913805 created with 0 txs
⛏️  Block #48913806 created with 0 txs
⛏️  Block #48913807 created with 0 txs
⛏️  Block #48913808 created with 0 txs
⛏️  Block #48913809 created with 0 txs
⛏️  Block #48913810 created with 0 txs
⛏️  Block #48913811 created with 0 txs
📊 Stats | Slot: 52,348,602 | Block: 48,913,811 | Epoch: 453 | Accounts: 3 | Txs: 0
⛏️  Block #48913812 created with 0 txs
⛏️  Block #48913813 created with 0 txs
⛏️  Block #48913814 created with 0 txs
⛏️  Block #48913815 created with 0 txs
⛏️  Block #48913816 created with 0 txs
⛏️  Block #48913817 created with 0 txs
⛏️  Block #48913818 created with 0 txs
⛏️  Block #48913819 created with 0 txs
⛏️  Block #48913820 created with 0 txs
⛏️  Block #48913821 created with 0 txs
⛏️  Block #48913822 created with 0 txs
⛏️  Block #48913823 created with 0 txs
⛏️  Block #48913824 created with 0 txs
⛏️  Block #48913825 created with 0 txs
⛏️  Block #48913826 created with 0 txs
⛏️  Block #48913827 created with 0 txs
⛏️  Block #48913828 created with 0 txs
⛏️  Block #48913829 created with 0 txs
⛏️  Block #48913830 created with 0 txs
⛏️  Block #48913831 created with 0 txs
⛏️  Block #48913832 created with 0 txs
⛏️  Block #48913833 created with 0 txs
⛏️  Block #48913834 created with 0 txs
⛏️  Block #48913835 created with 0 txs
⛏️  Block #48913836 created with 0 txs
⛏️  Block #48913837 created with 0 txs
⛏️  Block #48913838 created with 0 txs
⛏️  Block #48913839 created with 0 txs
⛏️  Block #48913840 created with 0 txs
⛏️  Block #48913841 created with 0 txs
⛏️  Block #48913842 created with 0 txs
⛏️  Block #48913843 created with 0 txs
⛏️  Block #48913844 created with 0 txs
⛏️  Block #48913845 created with 0 txs
⛏️  Block #48913846 created with 0 txs
⛏️  Block #48913847 created with 0 txs
⛏️  Block #48913848 created with 0 txs
📊 Stats | Slot: 52,348,677 | Block: 48,913,848 | Epoch: 453 | Accounts: 3 | Txs: 0
⛏️  Block #48913849 created with 0 txs
⛏️  Block #48913850 created with 0 txs
⛏️  Block #48913851 created with 0 txs
⛏️  Block #48913852 created with 0 txs
⛏️  Block #48913853 created with 0 txs
⛏️  Block #48913854 created with 0 txs
⛏️  Block #48913855 created with 0 txs
⛏️  Block #48913856 created with 0 txs
⛏️  Block #48913857 created with 0 txs
⛏️  Block #48913858 created with 0 txs
⛏️  Block #48913859 created with 0 txs
⛏️  Block #48913860 created with 0 txs
⛏️  Block #48913861 created with 0 txs
⛏️  Block #48913862 created with 0 txs
⛏️  Block #48913863 created with 0 txs
⛏️  Block #48913864 created with 0 txs
⛏️  Block #48913865 created with 0 txs
⛏️  Block #48913866 created with 0 txs
⛏️  Block #48913867 created with 0 txs
⛏️  Block #48913868 created with 0 txs
⛏️  Block #48913869 created with 0 txs
⛏️  Block #48913870 created with 0 txs
⛏️  Block #48913871 created with 0 txs
⛏️  Block #48913872 created with 0 txs
⛏️  Block #48913873 created with 0 txs
⛏️  Block #48913874 created with 0 txs
⛏️  Block #48913875 created with 0 txs
⛏️  Block #48913876 created with 0 txs
⛏️  Block #48913877 created with 0 txs
⛏️  Block #48913878 created with 0 txs
⛏️  Block #48913879 created with 0 txs
⛏️  Block #48913880 created with 0 txs
⛏️  Block #48913881 created with 0 txs
⛏️  Block #48913882 created with 0 txs
⛏️  Block #48913883 created with 0 txs
⛏️  Block #48913884 created with 0 txs
⛏️  Block #48913885 created with 0 txs
⛏️  Block #48913886 created with 0 txs
📊 Stats | Slot: 52,348,752 | Block: 48,913,886 | Epoch: 453 | Accounts: 3 | Txs: 0
⛏️  Block #48913887 created with 0 txs
⛏️  Block #48913888 created with 0 txs
⛏️  Block #48913889 created with 0 txs
⛏️  Block #48913890 created with 0 txs
⛏️  Block #48913891 created with 0 txs
⛏️  Block #48913892 created with 0 txs
⛏️  Block #48913893 created with 0 txs
⛏️  Block #48913894 created with 0 txs
⛏️  Block #48913895 created with 0 txs
⛏️  Block #48913896 created with 0 txs
⛏️  Block #48913897 created with 0 txs
⛏️  Block #48913898 created with 0 txs
⛏️  Block #48913899 created with 0 txs
⛏️  Block #48913900 created with 0 txs
⛏️  Block #48913901 created with 0 txs
⛏️  Block #48913902 created with 0 txs
⛏️  Block #48913903 created with 0 txs
⛏️  Block #48913904 created with 0 txs
⛏️  Block #48913905 created with 0 txs
⛏️  Block #48913906 created with 0 txs
⛏️  Block #48913907 created with 0 txs
⛏️  Block #48913908 created with 0 txs
⛏️  Block #48913909 created with 0 txs
⛏️  Block #48913910 created with 0 txs
⛏️  Block #48913911 created with 0 txs
⛏️  Block #48913912 created with 0 txs
⛏️  Block #48913913 created with 0 txs
⛏️  Block #48913914 created with 0 txs
⛏️  Block #48913915 created with 0 txs
⛏️  Block #48913916 created with 0 txs
⛏️  Block #48913917 created with 0 txs
⛏️  Block #48913918 created with 0 txs
⛏️  Block #48913919 created with 0 txs
⛏️  Block #48913920 created with 0 txs
⛏️  Block #48913921 created with 0 txs
⛏️  Block #48913922 created with 0 txs
⛏️  Block #48913923 created with 0 txs
📊 Stats | Slot: 52,348,827 | Block: 48,913,923 | Epoch: 453 | Accounts: 3 | Txs: 0
⛏️  Block #48913924 created with 0 txs
⛏️  Block #48913925 created with 0 txs
⛏️  Block #48913926 created with 0 txs
⛏️  Block #48913927 created with 0 txs
⛏️  Block #48913928 created with 0 txs
⛏️  Block #48913929 created with 0 txs
⛏️  Block #48913930 created with 0 txs
⛏️  Block #48913931 created with 0 txs
⛏️  Block #48913932 created with 0 txs
⛏️  Block #48913933 created with 0 txs
⛏️  Block #48913934 created with 0 txs
⛏️  Block #48913935 created with 0 txs
⛏️  Block #48913936 created with 0 txs
⛏️  Block #48913937 created with 0 txs
⛏️  Block #48913938 created with 0 txs
⛏️  Block #48913939 created with 0 txs
⛏️  Block #48913940 created with 0 txs
⛏️  Block #48913941 created with 0 txs
⛏️  Block #48913942 created with 0 txs
⛏️  Block #48913943 created with 0 txs
⛏️  Block #48913944 created with 0 txs
⛏️  Block #48913945 created with 0 txs
⛏️  Block #48913946 created with 0 txs
⛏️  Block #48913947 created with 0 txs
⛏️  Block #48913948 created with 0 txs
⛏️  Block #48913949 created with 0 txs
⛏️  Block #48913950 created with 0 txs
⛏️  Block #48913951 created with 0 txs
⛏️  Block #48913952 created with 0 txs
⛏️  Block #48913953 created with 0 txs
⛏️  Block #48913954 created with 0 txs
⛏️  Block #48913955 created with 0 txs
⛏️  Block #48913956 created with 0 txs
⛏️  Block #48913957 created with 0 txs
⛏️  Block #48913958 created with 0 txs
⛏️  Block #48913959 created with 0 txs
⛏️  Block #48913960 created with 0 txs
📊 Stats | Slot: 52,348,901 | Block: 48,913,960 | Epoch: 453 | Accounts: 3 | Txs: 0
⛏️  Block #48913961 created with 0 txs
⛏️  Block #48913962 created with 0 txs
⛏️  Block #48913963 created with 0 txs
⛏️  Block #48913964 created with 0 txs
⛏️  Block #48913965 created with 0 txs
⛏️  Block #48913966 created with 0 txs
⛏️  Block #48913967 created with 0 txs
⛏️  Block #48913968 created with 0 txs
⛏️  Block #48913969 created with 0 txs
⛏️  Block #48913970 created with 0 txs
⛏️  Block #48913971 created with 0 txs
⛏️  Block #48913972 created with 0 txs
⛏️  Block #48913973 created with 0 txs
⛏️  Block #48913974 created with 0 txs
⛏️  Block #48913975 created with 0 txs
⛏️  Block #48913976 created with 0 txs
⛏️  Block #48913977 created with 0 txs
⛏️  Block #48913978 created with 0 txs
⛏️  Block #48913979 created with 0 txs
⛏️  Block #48913980 created with 0 txs
⛏️  Block #48913981 created with 0 txs
⛏️  Block #48913982 created with 0 txs
⛏️  Block #48913983 created with 0 txs
⛏️  Block #48913984 created with 0 txs
⛏️  Block #48913985 created with 0 txs
⛏️  Block #48913986 created with 0 txs
⛏️  Block #48913987 created with 0 txs
⛏️  Block #48913988 created with 0 txs
⛏️  Block #48913989 created with 0 txs
⛏️  Block #48913990 created with 0 txs
⛏️  Block #48913991 created with 0 txs
⛏️  Block #48913992 created with 0 txs
⛏️  Block #48913993 created with 0 txs
⛏️  Block #48913994 created with 0 txs
⛏️  Block #48913995 created with 0 txs
⛏️  Block #48913996 created with 0 txs
⛏️  Block #48913997 created with 0 txs
⛏️  Block #48913998 created with 0 txs
📊 Stats | Slot: 52,348,976 | Block: 48,913,998 | Epoch: 453 | Accounts: 3 | Txs: 0
⛏️  Block #48913999 created with 0 txs
⛏️  Block #48914000 created with 0 txs
⛏️  Block #48914001 created with 0 txs
⛏️  Block #48914002 created with 0 txs
⛏️  Block #48914003 created with 0 txs
⛏️  Block #48914004 created with 0 txs
⛏️  Block #48914005 created with 0 txs
⛏️  Block #48914006 created with 0 txs
⛏️  Block #48914007 created with 0 txs
⛏️  Block #48914008 created with 0 txs
⛏️  Block #48914009 created with 0 txs
⛏️  Block #48914010 created with 0 txs
⛏️  Block #48914011 created with 0 txs
⛏️  Block #48914012 created with 0 txs
⛏️  Block #48914013 created with 0 txs
⛏️  Block #48914014 created with 0 txs
⛏️  Block #48914015 created with 0 txs
⛏️  Block #48914016 created with 0 txs
⛏️  Block #48914017 created with 0 txs
⛏️  Block #48914018 created with 0 txs
⛏️  Block #48914019 created with 0 txs
⛏️  Block #48914020 created with 0 txs
⛏️  Block #48914021 created with 0 txs
⛏️  Block #48914022 created with 0 txs
⛏️  Block #48914023 created with 0 txs
⛏️  Block #48914024 created with 0 txs
⛏️  Block #48914025 created with 0 txs
⛏️  Block #48914026 created with 0 txs
⛏️  Block #48914027 created with 0 txs
⛏️  Block #48914028 created with 0 txs
⛏️  Block #48914029 created with 0 txs
⛏️  Block #48914030 created with 0 txs
⛏️  Block #48914031 created with 0 txs
⛏️  Block #48914032 created with 0 txs
⛏️  Block #48914033 created with 0 txs
⛏️  Block #48914034 created with 0 txs
⛏️  Block #48914035 created with 0 txs
📊 Stats | Slot: 52,349,051 | Block: 48,914,035 | Epoch: 453 | Accounts: 3 | Txs: 0
⛏️  Block #48914036 created with 0 txs
⛏️  Block #48914037 created with 0 txs
⛏️  Block #48914038 created with 0 txs
⛏️  Block #48914039 created with 0 txs
⛏️  Block #48914040 created with 0 txs
⛏️  Block #48914041 created with 0 txs
⛏️  Block #48914042 created with 0 txs
⛏️  Block #48914043 created with 0 txs
⛏️  Block #48914044 created with 0 txs
⛏️  Block #48914045 created with 0 txs
⛏️  Block #48914046 created with 0 txs
⛏️  Block #48914047 created with 0 txs
⛏️  Block #48914048 created with 0 txs
⛏️  Block #48914049 created with 0 txs
⛏️  Block #48914050 created with 0 txs
⛏️  Block #48914051 created with 0 txs
⛏️  Block #48914052 created with 0 txs
⛏️  Block #48914053 created with 0 txs
⛏️  Block #48914054 created with 0 txs
⛏️  Block #48914055 created with 0 txs
⛏️  Block #48914056 created with 0 txs
⛏️  Block #48914057 created with 0 txs
⛏️  Block #48914058 created with 0 txs
⛏️  Block #48914059 created with 0 txs
⛏️  Block #48914060 created with 0 txs
⛏️  Block #48914061 created with 0 txs
⛏️  Block #48914062 created with 0 txs
⛏️  Block #48914063 created with 0 txs
⛏️  Block #48914064 created with 0 txs
⛏️  Block #48914065 created with 0 txs
⛏️  Block #48914066 created with 0 txs
⛏️  Block #48914067 created with 0 txs
⛏️  Block #48914068 created with 0 txs
⛏️  Block #48914069 created with 0 txs
⛏️  Block #48914070 created with 0 txs
⛏️  Block #48914071 created with 0 txs
⛏️  Block #48914072 created with 0 txs
⛏️  Block #48914073 created with 0 txs
📊 Stats | Slot: 52,349,126 | Block: 48,914,073 | Epoch: 453 | Accounts: 3 | Txs: 0
⛏️  Block #48914074 created with 0 txs
⛏️  Block #48914075 created with 0 txs
⛏️  Block #48914076 created with 0 txs
⛏️  Block #48914077 created with 0 txs
⛏️  Block #48914078 created with 0 txs
⛏️  Block #48914079 created with 0 txs
⛏️  Block #48914080 created with 0 txs
⛏️  Block #48914081 created with 0 txs
⛏️  Block #48914082 created with 0 txs
⛏️  Block #48914083 created with 0 txs
⛏️  Block #48914084 created with 0 txs
⛏️  Block #48914085 created with 0 txs
⛏️  Block #48914086 created with 0 txs
⛏️  Block #48914087 created with 0 txs
⛏️  Block #48914088 created with 0 txs
⛏️  Block #48914089 created with 0 txs
⛏️  Block #48914090 created with 0 txs
⛏️  Block #48914091 created with 0 txs
⛏️  Block #48914092 created with 0 txs
⛏️  Block #48914093 created with 0 txs
⛏️  Block #48914094 created with 0 txs
⛏️  Block #48914095 created with 0 txs
⛏️  Block #48914096 created with 0 txs
⛏️  Block #48914097 created with 0 txs
⛏️  Block #48914098 created with 0 txs
⛏️  Block #48914099 created with 0 txs
⛏️  Block #48914100 created with 0 txs
⛏️  Block #48914101 created with 0 txs
⛏️  Block #48914102 created with 0 txs
⛏️  Block #48914103 created with 0 txs
⛏️  Block #48914104 created with 0 txs
⛏️  Block #48914105 created with 0 txs
⛏️  Block #48914106 created with 0 txs
⛏️  Block #48914107 created with 0 txs
⛏️  Block #48914108 created with 0 txs
⛏️  Block #48914109 created with 0 txs
⛏️  Block #48914110 created with 0 txs
📊 Stats | Slot: 52,349,201 | Block: 48,914,110 | Epoch: 453 | Accounts: 3 | Txs: 0
⛏️  Block #48914111 created with 0 txs
⛏️  Block #48914112 created with 0 txs
⛏️  Block #48914113 created with 0 txs
⛏️  Block #48914114 created with 0 txs
⛏️  Block #48914115 created with 0 txs
⛏️  Block #48914116 created with 0 txs
⛏️  Block #48914117 created with 0 txs
⛏️  Block #48914118 created with 0 txs
⛏️  Block #48914119 created with 0 txs
⛏️  Block #48914120 created with 0 txs
⛏️  Block #48914121 created with 0 txs
⛏️  Block #48914122 created with 0 txs
⛏️  Block #48914123 created with 0 txs
⛏️  Block #48914124 created with 0 txs
⛏️  Block #48914125 created with 0 txs
⛏️  Block #48914126 created with 0 txs
⛏️  Block #48914127 created with 0 txs
⛏️  Block #48914128 created with 0 txs
⛏️  Block #48914129 created with 0 txs
⛏️  Block #48914130 created with 0 txs
⛏️  Block #48914131 created with 0 txs
⛏️  Block #48914132 created with 0 txs
⛏️  Block #48914133 created with 0 txs
⛏️  Block #48914134 created with 0 txs
⛏️  Block #48914135 created with 0 txs
⛏️  Block #48914136 created with 0 txs
⛏️  Block #48914137 created with 0 txs
⛏️  Block #48914138 created with 0 txs
⛏️  Block #48914139 created with 0 txs
⛏️  Block #48914140 created with 0 txs
⛏️  Block #48914141 created with 0 txs
⛏️  Block #48914142 created with 0 txs
⛏️  Block #48914143 created with 0 txs
⛏️  Block #48914144 created with 0 txs
⛏️  Block #48914145 created with 0 txs
⛏️  Block #48914146 created with 0 txs
⛏️  Block #48914147 created with 0 txs
⛏️  Block #48914148 created with 0 txs
📊 Stats | Slot: 52,349,276 | Block: 48,914,148 | Epoch: 453 | Accounts: 3 | Txs: 0
⛏️  Block #48914149 created with 0 txs
⛏️  Block #48914150 created with 0 txs
⛏️  Block #48914151 created with 0 txs
⛏️  Block #48914152 created with 0 txs
⛏️  Block #48914153 created with 0 txs
⛏️  Block #48914154 created with 0 txs
⛏️  Block #48914155 created with 0 txs
⛏️  Block #48914156 created with 0 txs
⛏️  Block #48914157 created with 0 txs
⛏️  Block #48914158 created with 0 txs
⛏️  Block #48914159 created with 0 txs
⛏️  Block #48914160 created with 0 txs
⛏️  Block #48914161 created with 0 txs
⛏️  Block #48914162 created with 0 txs
⛏️  Block #48914163 created with 0 txs
⛏️  Block #48914164 created with 0 txs
⛏️  Block #48914165 created with 0 txs
⛏️  Block #48914166 created with 0 txs
⛏️  Block #48914167 created with 0 txs
⛏️  Block #48914168 created with 0 txs
⛏️  Block #48914169 created with 0 txs
⛏️  Block #48914170 created with 0 txs
⛏️  Block #48914171 created with 0 txs
⛏️  Block #48914172 created with 0 txs
⛏️  Block #48914173 created with 0 txs
⛏️  Block #48914174 created with 0 txs
⛏️  Block #48914175 created with 0 txs
⛏️  Block #48914176 created with 0 txs
⛏️  Block #48914177 created with 0 txs
⛏️  Block #48914178 created with 0 txs
⛏️  Block #48914179 created with 0 txs
⛏️  Block #48914180 created with 0 txs
⛏️  Block #48914181 created with 0 txs
⛏️  Block #48914182 created with 0 txs
⛏️  Block #48914183 created with 0 txs
⛏️  Block #48914184 created with 0 txs
⛏️  Block #48914185 created with 0 txs
📊 Stats | Slot: 52,349,351 | Block: 48,914,185 | Epoch: 453 | Accounts: 3 | Txs: 0
⛏️  Block #48914186 created with 0 txs
⛏️  Block #48914187 created with 0 txs
⛏️  Block #48914188 created with 0 txs
⛏️  Block #48914189 created with 0 txs
⛏️  Block #48914190 created with 0 txs
⛏️  Block #48914191 created with 0 txs
⛏️  Block #48914192 created with 0 txs
⛏️  Block #48914193 created with 0 txs
⛏️  Block #48914194 created with 0 txs
⛏️  Block #48914195 created with 0 txs
⛏️  Block #48914196 created with 0 txs
⛏️  Block #48914197 created with 0 txs
⛏️  Block #48914198 created with 0 txs
⛏️  Block #48914199 created with 0 txs
⛏️  Block #48914200 created with 0 txs
⛏️  Block #48914201 created with 0 txs
⛏️  Block #48914202 created with 0 txs
⛏️  Block #48914203 created with 0 txs
⛏️  Block #48914204 created with 0 txs
⛏️  Block #48914205 created with 0 txs
⛏️  Block #48914206 created with 0 txs
⛏️  Block #48914207 created with 0 txs
⛏️  Block #48914208 created with 0 txs
⛏️  Block #48914209 created with 0 txs
⛏️  Block #48914210 created with 0 txs
⛏️  Block #48914211 created with 0 txs
⛏️  Block #48914212 created with 0 txs
⛏️  Block #48914213 created with 0 txs
⛏️  Block #48914214 created with 0 txs
⛏️  Block #48914215 created with 0 txs
⛏️  Block #48914216 created with 0 txs
⛏️  Block #48914217 created with 0 txs
⛏️  Block #48914218 created with 0 txs
⛏️  Block #48914219 created with 0 txs
⛏️  Block #48914220 created with 0 txs
⛏️  Block #48914221 created with 0 txs
⛏️  Block #48914222 created with 0 txs
⛏️  Block #48914223 created with 0 txs
📊 Stats | Slot: 52,349,426 | Block: 48,914,223 | Epoch: 453 | Accounts: 3 | Txs: 0
⛏️  Block #48914224 created with 0 txs
⛏️  Block #48914225 created with 0 txs
⛏️  Block #48914226 created with 0 txs
⛏️  Block #48914227 created with 0 txs
⛏️  Block #48914228 created with 0 txs
⛏️  Block #48914229 created with 0 txs
⛏️  Block #48914230 created with 0 txs
⛏️  Block #48914231 created with 0 txs
⛏️  Block #48914232 created with 0 txs
⛏️  Block #48914233 created with 0 txs
⛏️  Block #48914234 created with 0 txs
⛏️  Block #48914235 created with 0 txs
⛏️  Block #48914236 created with 0 txs
⛏️  Block #48914237 created with 0 txs
⛏️  Block #48914238 created with 0 txs
⛏️  Block #48914239 created with 0 txs
⛏️  Block #48914240 created with 0 txs
⛏️  Block #48914241 created with 0 txs
⛏️  Block #48914242 created with 0 txs
⛏️  Block #48914243 created with 0 txs
⛏️  Block #48914244 created with 0 txs
⛏️  Block #48914245 created with 0 txs
⛏️  Block #48914246 created with 0 txs
⛏️  Block #48914247 created with 0 txs
⛏️  Block #48914248 created with 0 txs
⛏️  Block #48914249 created with 0 txs
⛏️  Block #48914250 created with 0 txs
⛏️  Block #48914251 created with 0 txs
⛏️  Block #48914252 created with 0 txs
⛏️  Block #48914253 created with 0 txs
⛏️  Block #48914254 created with 0 txs
⛏️  Block #48914255 created with 0 txs
⛏️  Block #48914256 created with 0 txs
⛏️  Block #48914257 created with 0 txs
⛏️  Block #48914258 created with 0 txs
⛏️  Block #48914259 created with 0 txs
⛏️  Block #48914260 created with 0 txs
📊 Stats | Slot: 52,349,501 | Block: 48,914,260 | Epoch: 453 | Accounts: 3 | Txs: 0
⛏️  Block #48914261 created with 0 txs
⛏️  Block #48914262 created with 0 txs
⛏️  Block #48914263 created with 0 txs
⛏️  Block #48914264 created with 0 txs
⛏️  Block #48914265 created with 0 txs
⛏️  Block #48914266 created with 0 txs
⛏️  Block #48914267 created with 0 txs
⛏️  Block #48914268 created with 0 txs
⛏️  Block #48914269 created with 0 txs
⛏️  Block #48914270 created with 0 txs
⛏️  Block #48914271 created with 0 txs
⛏️  Block #48914272 created with 0 txs
⛏️  Block #48914273 created with 0 txs
⛏️  Block #48914274 created with 0 txs
⛏️  Block #48914275 created with 0 txs
⛏️  Block #48914276 created with 0 txs
⛏️  Block #48914277 created with 0 txs
⛏️  Block #48914278 created with 0 txs
⛏️  Block #48914279 created with 0 txs
⛏️  Block #48914280 created with 0 txs
⛏️  Block #48914281 created with 0 txs
⛏️  Block #48914282 created with 0 txs
⛏️  Block #48914283 created with 0 txs
⛏️  Block #48914284 created with 0 txs
⛏️  Block #48914285 created with 0 txs
⛏️  Block #48914286 created with 0 txs
⛏️  Block #48914287 created with 0 txs
⛏️  Block #48914288 created with 0 txs
⛏️  Block #48914289 created with 0 txs
⛏️  Block #48914290 created with 0 txs
⛏️  Block #48914291 created with 0 txs
⛏️  Block #48914292 created with 0 txs
⛏️  Block #48914293 created with 0 txs
⛏️  Block #48914294 created with 0 txs
⛏️  Block #48914295 created with 0 txs
⛏️  Block #48914296 created with 0 txs
⛏️  Block #48914297 created with 0 txs
⛏️  Block #48914298 created with 0 txs
📊 Stats | Slot: 52,349,576 | Block: 48,914,298 | Epoch: 453 | Accounts: 3 | Txs: 0
⛏️  Block #48914299 created with 0 txs
⛏️  Block #48914300 created with 0 txs
⛏️  Block #48914301 created with 0 txs
⛏️  Block #48914302 created with 0 txs
⛏️  Block #48914303 created with 0 txs
⛏️  Block #48914304 created with 0 txs
⛏️  Block #48914305 created with 0 txs
⛏️  Block #48914306 created with 0 txs
⛏️  Block #48914307 created with 0 txs
⛏️  Block #48914308 created with 0 txs
⛏️  Block #48914309 created with 0 txs
⛏️  Block #48914310 created with 0 txs
⛏️  Block #48914311 created with 0 txs
⛏️  Block #48914312 created with 0 txs
⛏️  Block #48914313 created with 0 txs
⛏️  Block #48914314 created with 0 txs
⛏️  Block #48914315 created with 0 txs
⛏️  Block #48914316 created with 0 txs
⛏️  Block #48914317 created with 0 txs
⛏️  Block #48914318 created with 0 txs
⛏️  Block #48914319 created with 0 txs
⛏️  Block #48914320 created with 0 txs
⛏️  Block #48914321 created with 0 txs
⛏️  Block #48914322 created with 0 txs
⛏️  Block #48914323 created with 0 txs
⛏️  Block #48914324 created with 0 txs
⛏️  Block #48914325 created with 0 txs
⛏️  Block #48914326 created with 0 txs
⛏️  Block #48914327 created with 0 txs
⛏️  Block #48914328 created with 0 txs
⛏️  Block #48914329 created with 0 txs
⛏️  Block #48914330 created with 0 txs
⛏️  Block #48914331 created with 0 txs
⛏️  Block #48914332 created with 0 txs
⛏️  Block #48914333 created with 0 txs
⛏️  Block #48914334 created with 0 txs
⛏️  Block #48914335 created with 0 txs
📊 Stats | Slot: 52,349,651 | Block: 48,914,335 | Epoch: 453 | Accounts: 3 | Txs: 0
⛏️  Block #48914336 created with 0 txs
⛏️  Block #48914337 created with 0 txs
⛏️  Block #48914338 created with 0 txs
⛏️  Block #48914339 created with 0 txs
⛏️  Block #48914340 created with 0 txs
⛏️  Block #48914341 created with 0 txs
⛏️  Block #48914342 created with 0 txs
⛏️  Block #48914343 created with 0 txs
⛏️  Block #48914344 created with 0 txs
⛏️  Block #48914345 created with 0 txs
⛏️  Block #48914346 created with 0 txs
⛏️  Block #48914347 created with 0 txs
⛏️  Block #48914348 created with 0 txs
⛏️  Block #48914349 created with 0 txs
⛏️  Block #48914350 created with 0 txs
⛏️  Block #48914351 created with 0 txs
⛏️  Block #48914352 created with 0 txs
⛏️  Block #48914353 created with 0 txs
⛏️  Block #48914354 created with 0 txs
⛏️  Block #48914355 created with 0 txs
⛏️  Block #48914356 created with 0 txs
⛏️  Block #48914357 created with 0 txs
⛏️  Block #48914358 created with 0 txs
⛏️  Block #48914359 created with 0 txs
⛏️  Block #48914360 created with 0 txs
⛏️  Block #48914361 created with 0 txs
⛏️  Block #48914362 created with 0 txs
⛏️  Block #48914363 created with 0 txs
⛏️  Block #48914364 created with 0 txs
⛏️  Block #48914365 created with 0 txs
⛏️  Block #48914366 created with 0 txs
⛏️  Block #48914367 created with 0 txs
⛏️  Block #48914368 created with 0 txs
⛏️  Block #48914369 created with 0 txs
⛏️  Block #48914370 created with 0 txs
⛏️  Block #48914371 created with 0 txs
⛏️  Block #48914372 created with 0 txs
📊 Stats | Slot: 52,349,725 | Block: 48,914,372 | Epoch: 453 | Accounts: 3 | Txs: 0
⛏️  Block #48914373 created with 0 txs
⛏️  Block #48914374 created with 0 txs
⛏️  Block #48914375 created with 0 txs
⛏️  Block #48914376 created with 0 txs
⛏️  Block #48914377 created with 0 txs
⛏️  Block #48914378 created with 0 txs
⛏️  Block #48914379 created with 0 txs
⛏️  Block #48914380 created with 0 txs
⛏️  Block #48914381 created with 0 txs
⛏️  Block #48914382 created with 0 txs
⛏️  Block #48914383 created with 0 txs
⛏️  Block #48914384 created with 0 txs
⛏️  Block #48914385 created with 0 txs
⛏️  Block #48914386 created with 0 txs
⛏️  Block #48914387 created with 0 txs
⛏️  Block #48914388 created with 0 txs
⛏️  Block #48914389 created with 0 txs
⛏️  Block #48914390 created with 0 txs
⛏️  Block #48914391 created with 0 txs
⛏️  Block #48914392 created with 0 txs
⛏️  Block #48914393 created with 0 txs
⛏️  Block #48914394 created with 0 txs
⛏️  Block #48914395 created with 0 txs
⛏️  Block #48914396 created with 0 txs
⛏️  Block #48914397 created with 0 txs
⛏️  Block #48914398 created with 0 txs
⛏️  Block #48914399 created with 0 txs
⛏️  Block #48914400 created with 0 txs
⛏️  Block #48914401 created with 0 txs
⛏️  Block #48914402 created with 0 txs
⛏️  Block #48914403 created with 0 txs
⛏️  Block #48914404 created with 0 txs
⛏️  Block #48914405 created with 0 txs
⛏️  Block #48914406 created with 0 txs
⛏️  Block #48914407 created with 0 txs
⛏️  Block #48914408 created with 0 txs
⛏️  Block #48914409 created with 0 txs
⛏️  Block #48914410 created with 0 txs
📊 Stats | Slot: 52,349,800 | Block: 48,914,410 | Epoch: 453 | Accounts: 3 | Txs: 0
⛏️  Block #48914411 created with 0 txs
⛏️  Block #48914412 created with 0 txs
⛏️  Block #48914413 created with 0 txs
⛏️  Block #48914414 created with 0 txs
⛏️  Block #48914415 created with 0 txs
⛏️  Block #48914416 created with 0 txs
⛏️  Block #48914417 created with 0 txs
⛏️  Block #48914418 created with 0 txs
⛏️  Block #48914419 created with 0 txs
⛏️  Block #48914420 created with 0 txs
⛏️  Block #48914421 created with 0 txs
⛏️  Block #48914422 created with 0 txs
⛏️  Block #48914423 created with 0 txs
⛏️  Block #48914424 created with 0 txs
⛏️  Block #48914425 created with 0 txs
⛏️  Block #48914426 created with 0 txs
⛏️  Block #48914427 created with 0 txs
⛏️  Block #48914428 created with 0 txs
⛏️  Block #48914429 created with 0 txs
⛏️  Block #48914430 created with 0 txs
⛏️  Block #48914431 created with 0 txs
⛏️  Block #48914432 created with 0 txs
⛏️  Block #48914433 created with 0 txs
⛏️  Block #48914434 created with 0 txs
⛏️  Block #48914435 created with 0 txs
⛏️  Block #48914436 created with 0 txs
⛏️  Block #48914437 created with 0 txs
⛏️  Block #48914438 created with 0 txs
⛏️  Block #48914439 created with 0 txs
⛏️  Block #48914440 created with 0 txs
⛏️  Block #48914441 created with 0 txs
⛏️  Block #48914442 created with 0 txs
⛏️  Block #48914443 created with 0 txs
⛏️  Block #48914444 created with 0 txs
⛏️  Block #48914445 created with 0 txs
⛏️  Block #48914446 created with 0 txs
⛏️  Block #48914447 created with 0 txs
📊 Stats | Slot: 52,349,875 | Block: 48,914,447 | Epoch: 453 | Accounts: 3 | Txs: 0
⛏️  Block #48914448 created with 0 txs
⛏️  Block #48914449 created with 0 txs
⛏️  Block #48914450 created with 0 txs
⛏️  Block #48914451 created with 0 txs
⛏️  Block #48914452 created with 0 txs
⛏️  Block #48914453 created with 0 txs
⛏️  Block #48914454 created with 0 txs
⛏️  Block #48914455 created with 0 txs
⛏️  Block #48914456 created with 0 txs
⛏️  Block #48914457 created with 0 txs
⛏️  Block #48914458 created with 0 txs
⛏️  Block #48914459 created with 0 txs
⛏️  Block #48914460 created with 0 txs
⛏️  Block #48914461 created with 0 txs
⛏️  Block #48914462 created with 0 txs
⛏️  Block #48914463 created with 0 txs
⛏️  Block #48914464 created with 0 txs
⛏️  Block #48914465 created with 0 txs
⛏️  Block #48914466 created with 0 txs
⛏️  Block #48914467 created with 0 txs
⛏️  Block #48914468 created with 0 txs
⛏️  Block #48914469 created with 0 txs
⛏️  Block #48914470 created with 0 txs
⛏️  Block #48914471 created with 0 txs
⛏️  Block #48914472 created with 0 txs
⛏️  Block #48914473 created with 0 txs
⛏️  Block #48914474 created with 0 txs
⛏️  Block #48914475 created with 0 txs
⛏️  Block #48914476 created with 0 txs
⛏️  Block #48914477 created with 0 txs
⛏️  Block #48914478 created with 0 txs
⛏️  Block #48914479 created with 0 txs
⛏️  Block #48914480 created with 0 txs
⛏️  Block #48914481 created with 0 txs
⛏️  Block #48914482 created with 0 txs
⛏️  Block #48914483 created with 0 txs
⛏️  Block #48914484 created with 0 txs
⛏️  Block #48914485 created with 0 txs
📊 Stats | Slot: 52,349,950 | Block: 48,914,485 | Epoch: 453 | Accounts: 3 | Txs: 0
⛏️  Block #48914486 created with 0 txs
⛏️  Block #48914487 created with 0 txs
⛏️  Block #48914488 created with 0 txs
⛏️  Block #48914489 created with 0 txs
⛏️  Block #48914490 created with 0 txs
⛏️  Block #48914491 created with 0 txs
⛏️  Block #48914492 created with 0 txs
⛏️  Block #48914493 created with 0 txs
⛏️  Block #48914494 created with 0 txs
⛏️  Block #48914495 created with 0 txs
⛏️  Block #48914496 created with 0 txs
⛏️  Block #48914497 created with 0 txs
⛏️  Block #48914498 created with 0 txs
⛏️  Block #48914499 created with 0 txs
⛏️  Block #48914500 created with 0 txs
⛏️  Block #48914501 created with 0 txs
⛏️  Block #48914502 created with 0 txs
⛏️  Block #48914503 created with 0 txs
⛏️  Block #48914504 created with 0 txs
⛏️  Block #48914505 created with 0 txs
⛏️  Block #48914506 created with 0 txs
⛏️  Block #48914507 created with 0 txs
⛏️  Block #48914508 created with 0 txs
⛏️  Block #48914509 created with 0 txs
⛏️  Block #48914510 created with 0 txs
⛏️  Block #48914511 created with 0 txs
⛏️  Block #48914512 created with 0 txs
⛏️  Block #48914513 created with 0 txs
⛏️  Block #48914514 created with 0 txs
⛏️  Block #48914515 created with 0 txs
⛏️  Block #48914516 created with 0 txs
⛏️  Block #48914517 created with 0 txs
⛏️  Block #48914518 created with 0 txs
⛏️  Block #48914519 created with 0 txs
⛏️  Block #48914520 created with 0 txs
⛏️  Block #48914521 created with 0 txs
⛏️  Block #48914522 created with 0 txs
📊 Stats | Slot: 52,350,025 | Block: 48,914,522 | Epoch: 453 | Accounts: 3 | Txs: 0
⛏️  Block #48914523 created with 0 txs
⛏️  Block #48914524 created with 0 txs
⛏️  Block #48914525 created with 0 txs
⛏️  Block #48914526 created with 0 txs
⛏️  Block #48914527 created with 0 txs
⛏️  Block #48914528 created with 0 txs
⛏️  Block #48914529 created with 0 txs
⛏️  Block #48914530 created with 0 txs
⛏️  Block #48914531 created with 0 txs
⛏️  Block #48914532 created with 0 txs
⛏️  Block #48914533 created with 0 txs
⛏️  Block #48914534 created with 0 txs
⛏️  Block #48914535 created with 0 txs
⛏️  Block #48914536 created with 0 txs
⛏️  Block #48914537 created with 0 txs
⛏️  Block #48914538 created with 0 txs
⛏️  Block #48914539 created with 0 txs
⛏️  Block #48914540 created with 0 txs
⛏️  Block #48914541 created with 0 txs
⛏️  Block #48914542 created with 0 txs
⛏️  Block #48914543 created with 0 txs
⛏️  Block #48914544 created with 0 txs
⛏️  Block #48914545 created with 0 txs
⛏️  Block #48914546 created with 0 txs
⛏️  Block #48914547 created with 0 txs
⛏️  Block #48914548 created with 0 txs
⛏️  Block #48914549 created with 0 txs
⛏️  Block #48914550 created with 0 txs
⛏️  Block #48914551 created with 0 txs
⛏️  Block #48914552 created with 0 txs
⛏️  Block #48914553 created with 0 txs
⛏️  Block #48914554 created with 0 txs
⛏️  Block #48914555 created with 0 txs
⛏️  Block #48914556 created with 0 txs
⛏️  Block #48914557 created with 0 txs
⛏️  Block #48914558 created with 0 txs
⛏️  Block #48914559 created with 0 txs
⛏️  Block #48914560 created with 0 txs
📊 Stats | Slot: 52,350,100 | Block: 48,914,560 | Epoch: 453 | Accounts: 3 | Txs: 0
⛏️  Block #48914561 created with 0 txs
⛏️  Block #48914562 created with 0 txs
⛏️  Block #48914563 created with 0 txs
⛏️  Block #48914564 created with 0 txs
⛏️  Block #48914565 created with 0 txs
⛏️  Block #48914566 created with 0 txs
⛏️  Block #48914567 created with 0 txs
⛏️  Block #48914568 created with 0 txs
⛏️  Block #48914569 created with 0 txs
⛏️  Block #48914570 created with 0 txs
⛏️  Block #48914571 created with 0 txs
⛏️  Block #48914572 created with 0 txs
⛏️  Block #48914573 created with 0 txs
⛏️  Block #48914574 created with 0 txs
⛏️  Block #48914575 created with 0 txs
⛏️  Block #48914576 created with 0 txs
⛏️  Block #48914577 created with 0 txs
⛏️  Block #48914578 created with 0 txs
⛏️  Block #48914579 created with 0 txs
⛏️  Block #48914580 created with 0 txs
⛏️  Block #48914581 created with 0 txs
⛏️  Block #48914582 created with 0 txs
⛏️  Block #48914583 created with 0 txs
⛏️  Block #48914584 created with 0 txs
⛏️  Block #48914585 created with 0 txs
⛏️  Block #48914586 created with 0 txs
⛏️  Block #48914587 created with 0 txs
⛏️  Block #48914588 created with 0 txs
⛏️  Block #48914589 created with 0 txs
⛏️  Block #48914590 created with 0 txs
⛏️  Block #48914591 created with 0 txs
⛏️  Block #48914592 created with 0 txs
⛏️  Block #48914593 created with 0 txs
⛏️  Block #48914594 created with 0 txs
⛏️  Block #48914595 created with 0 txs
⛏️  Block #48914596 created with 0 txs
⛏️  Block #48914597 created with 0 txs
